{"/Users/alfianwinarso/Documents/rest-api-doc-generator/rest-api-doc-generator/out/services/DocumentationService.js":{"path":"/Users/alfianwinarso/Documents/rest-api-doc-generator/rest-api-doc-generator/out/services/DocumentationService.js","statementMap":{"0":{"start":{"line":2,"column":22},"end":{"line":12,"column":3}},"1":{"start":{"line":3,"column":4},"end":{"line":3,"column":33}},"2":{"start":{"line":3,"column":26},"end":{"line":3,"column":33}},"3":{"start":{"line":4,"column":15},"end":{"line":4,"column":52}},"4":{"start":{"line":5,"column":4},"end":{"line":7,"column":5}},"5":{"start":{"line":6,"column":6},"end":{"line":6,"column":68}},"6":{"start":{"line":6,"column":51},"end":{"line":6,"column":63}},"7":{"start":{"line":8,"column":4},"end":{"line":8,"column":39}},"8":{"start":{"line":10,"column":4},"end":{"line":10,"column":33}},"9":{"start":{"line":10,"column":26},"end":{"line":10,"column":33}},"10":{"start":{"line":11,"column":4},"end":{"line":11,"column":17}},"11":{"start":{"line":13,"column":25},"end":{"line":17,"column":2}},"12":{"start":{"line":14,"column":4},"end":{"line":14,"column":72}},"13":{"start":{"line":16,"column":4},"end":{"line":16,"column":21}},"14":{"start":{"line":18,"column":19},"end":{"line":34,"column":4}},"15":{"start":{"line":19,"column":18},"end":{"line":26,"column":5}},"16":{"start":{"line":20,"column":8},"end":{"line":24,"column":10}},"17":{"start":{"line":21,"column":21},"end":{"line":21,"column":23}},"18":{"start":{"line":22,"column":12},"end":{"line":22,"column":95}},"19":{"start":{"line":22,"column":29},"end":{"line":22,"column":95}},"20":{"start":{"line":22,"column":77},"end":{"line":22,"column":95}},"21":{"start":{"line":23,"column":12},"end":{"line":23,"column":22}},"22":{"start":{"line":25,"column":8},"end":{"line":25,"column":26}},"23":{"start":{"line":27,"column":4},"end":{"line":33,"column":6}},"24":{"start":{"line":28,"column":8},"end":{"line":28,"column":46}},"25":{"start":{"line":28,"column":35},"end":{"line":28,"column":46}},"26":{"start":{"line":29,"column":21},"end":{"line":29,"column":23}},"27":{"start":{"line":30,"column":8},"end":{"line":30,"column":137}},"28":{"start":{"line":30,"column":25},"end":{"line":30,"column":137}},"29":{"start":{"line":30,"column":38},"end":{"line":30,"column":50}},"30":{"start":{"line":30,"column":56},"end":{"line":30,"column":57}},"31":{"start":{"line":30,"column":78},"end":{"line":30,"column":137}},"32":{"start":{"line":30,"column":102},"end":{"line":30,"column":137}},"33":{"start":{"line":31,"column":8},"end":{"line":31,"column":40}},"34":{"start":{"line":32,"column":8},"end":{"line":32,"column":22}},"35":{"start":{"line":35,"column":0},"end":{"line":35,"column":62}},"36":{"start":{"line":36,"column":0},"end":{"line":36,"column":38}},"37":{"start":{"line":37,"column":15},"end":{"line":37,"column":46}},"38":{"start":{"line":38,"column":11},"end":{"line":38,"column":38}},"39":{"start":{"line":39,"column":13},"end":{"line":39,"column":42}},"40":{"start":{"line":40,"column":24},"end":{"line":40,"column":50}},"41":{"start":{"line":41,"column":27},"end":{"line":41,"column":56}},"42":{"start":{"line":42,"column":27},"end":{"line":42,"column":68}},"43":{"start":{"line":43,"column":28},"end":{"line":43,"column":58}},"44":{"start":{"line":52,"column":8},"end":{"line":52,"column":43}},"45":{"start":{"line":53,"column":8},"end":{"line":53,"column":78}},"46":{"start":{"line":54,"column":8},"end":{"line":54,"column":72}},"47":{"start":{"line":60,"column":8},"end":{"line":158,"column":9}},"48":{"start":{"line":61,"column":12},"end":{"line":61,"column":67}},"49":{"start":{"line":63,"column":12},"end":{"line":63,"column":74}},"50":{"start":{"line":64,"column":31},"end":{"line":64,"column":76}},"51":{"start":{"line":65,"column":12},"end":{"line":67,"column":13}},"52":{"start":{"line":66,"column":16},"end":{"line":66,"column":63}},"53":{"start":{"line":68,"column":12},"end":{"line":68,"column":68}},"54":{"start":{"line":70,"column":30},"end":{"line":70,"column":182}},"55":{"start":{"line":72,"column":12},"end":{"line":122,"column":15}},"56":{"start":{"line":77,"column":31},"end":{"line":77,"column":48}},"57":{"start":{"line":78,"column":36},"end":{"line":78,"column":49}},"58":{"start":{"line":79,"column":34},"end":{"line":79,"column":44}},"59":{"start":{"line":80,"column":16},"end":{"line":116,"column":17}},"60":{"start":{"line":80,"column":29},"end":{"line":80,"column":30}},"61":{"start":{"line":82,"column":20},"end":{"line":84,"column":21}},"62":{"start":{"line":83,"column":24},"end":{"line":83,"column":86}},"63":{"start":{"line":85,"column":34},"end":{"line":85,"column":43}},"64":{"start":{"line":86,"column":39},"end":{"line":86,"column":70}},"65":{"start":{"line":88,"column":44},"end":{"line":88,"column":79}},"66":{"start":{"line":90,"column":38},"end":{"line":90,"column":60}},"67":{"start":{"line":91,"column":44},"end":{"line":91,"column":63}},"68":{"start":{"line":92,"column":44},"end":{"line":92,"column":65}},"69":{"start":{"line":93,"column":49},"end":{"line":93,"column":82}},"70":{"start":{"line":94,"column":45},"end":{"line":94,"column":84}},"71":{"start":{"line":95,"column":45},"end":{"line":95,"column":93}},"72":{"start":{"line":96,"column":41},"end":{"line":98,"column":59}},"73":{"start":{"line":99,"column":20},"end":{"line":102,"column":23}},"74":{"start":{"line":103,"column":20},"end":{"line":115,"column":21}},"75":{"start":{"line":105,"column":38},"end":{"line":105,"column":86}},"76":{"start":{"line":107,"column":24},"end":{"line":107,"column":66}},"77":{"start":{"line":108,"column":24},"end":{"line":108,"column":101}},"78":{"start":{"line":110,"column":24},"end":{"line":110,"column":46}},"79":{"start":{"line":113,"column":24},"end":{"line":113,"column":104}},"80":{"start":{"line":118,"column":16},"end":{"line":121,"column":19}},"81":{"start":{"line":124,"column":12},"end":{"line":124,"column":53}},"82":{"start":{"line":125,"column":12},"end":{"line":125,"column":41}},"83":{"start":{"line":127,"column":12},"end":{"line":127,"column":79}},"84":{"start":{"line":129,"column":32},"end":{"line":129,"column":50}},"85":{"start":{"line":130,"column":32},"end":{"line":130,"column":50}},"86":{"start":{"line":132,"column":12},"end":{"line":132,"column":68}},"87":{"start":{"line":133,"column":38},"end":{"line":133,"column":81}},"88":{"start":{"line":134,"column":37},"end":{"line":134,"column":96}},"89":{"start":{"line":135,"column":12},"end":{"line":141,"column":13}},"90":{"start":{"line":136,"column":16},"end":{"line":136,"column":85}},"91":{"start":{"line":137,"column":16},"end":{"line":137,"column":166}},"92":{"start":{"line":139,"column":17},"end":{"line":141,"column":13}},"93":{"start":{"line":140,"column":16},"end":{"line":140,"column":82}},"94":{"start":{"line":143,"column":29},"end":{"line":143,"column":74}},"95":{"start":{"line":144,"column":29},"end":{"line":144,"column":74}},"96":{"start":{"line":145,"column":12},"end":{"line":145,"column":72}},"97":{"start":{"line":146,"column":12},"end":{"line":146,"column":72}},"98":{"start":{"line":148,"column":31},"end":{"line":148,"column":85}},"99":{"start":{"line":149,"column":27},"end":{"line":149,"column":77}},"100":{"start":{"line":150,"column":12},"end":{"line":150,"column":69}},"101":{"start":{"line":151,"column":12},"end":{"line":151,"column":57}},"102":{"start":{"line":152,"column":12},"end":{"line":152,"column":55}},"103":{"start":{"line":153,"column":12},"end":{"line":153,"column":42}},"104":{"start":{"line":156,"column":12},"end":{"line":156,"column":71}},"105":{"start":{"line":157,"column":12},"end":{"line":157,"column":24}},"106":{"start":{"line":164,"column":8},"end":{"line":181,"column":9}},"107":{"start":{"line":165,"column":27},"end":{"line":165,"column":71}},"108":{"start":{"line":166,"column":12},"end":{"line":168,"column":13}},"109":{"start":{"line":167,"column":16},"end":{"line":167,"column":59}},"110":{"start":{"line":169,"column":30},"end":{"line":169,"column":71}},"111":{"start":{"line":171,"column":12},"end":{"line":175,"column":13}},"112":{"start":{"line":172,"column":30},"end":{"line":172,"column":78}},"113":{"start":{"line":173,"column":16},"end":{"line":173,"column":58}},"114":{"start":{"line":174,"column":16},"end":{"line":174,"column":38}},"115":{"start":{"line":176,"column":12},"end":{"line":176,"column":38}},"116":{"start":{"line":179,"column":12},"end":{"line":179,"column":72}},"117":{"start":{"line":180,"column":12},"end":{"line":180,"column":24}},"118":{"start":{"line":187,"column":8},"end":{"line":211,"column":9}},"119":{"start":{"line":188,"column":12},"end":{"line":188,"column":58}},"120":{"start":{"line":189,"column":31},"end":{"line":189,"column":76}},"121":{"start":{"line":190,"column":12},"end":{"line":192,"column":13}},"122":{"start":{"line":191,"column":16},"end":{"line":191,"column":51}},"123":{"start":{"line":193,"column":30},"end":{"line":193,"column":104}},"124":{"start":{"line":195,"column":12},"end":{"line":195,"column":51}},"125":{"start":{"line":197,"column":12},"end":{"line":197,"column":53}},"126":{"start":{"line":198,"column":12},"end":{"line":198,"column":41}},"127":{"start":{"line":200,"column":12},"end":{"line":200,"column":57}},"128":{"start":{"line":202,"column":29},"end":{"line":202,"column":74}},"129":{"start":{"line":203,"column":29},"end":{"line":203,"column":74}},"130":{"start":{"line":204,"column":12},"end":{"line":204,"column":79}},"131":{"start":{"line":205,"column":12},"end":{"line":205,"column":79}},"132":{"start":{"line":206,"column":12},"end":{"line":206,"column":42}},"133":{"start":{"line":209,"column":12},"end":{"line":209,"column":63}},"134":{"start":{"line":210,"column":12},"end":{"line":210,"column":24}},"135":{"start":{"line":217,"column":8},"end":{"line":285,"column":9}},"136":{"start":{"line":218,"column":12},"end":{"line":218,"column":71}},"137":{"start":{"line":220,"column":34},"end":{"line":220,"column":85}},"138":{"start":{"line":221,"column":12},"end":{"line":226,"column":13}},"139":{"start":{"line":222,"column":16},"end":{"line":222,"column":73}},"140":{"start":{"line":225,"column":16},"end":{"line":225,"column":50}},"141":{"start":{"line":228,"column":29},"end":{"line":228,"column":74}},"142":{"start":{"line":229,"column":29},"end":{"line":229,"column":74}},"143":{"start":{"line":230,"column":30},"end":{"line":230,"column":34}},"144":{"start":{"line":231,"column":12},"end":{"line":239,"column":13}},"145":{"start":{"line":232,"column":29},"end":{"line":232,"column":47}},"146":{"start":{"line":233,"column":36},"end":{"line":233,"column":81}},"147":{"start":{"line":234,"column":16},"end":{"line":234,"column":53}},"148":{"start":{"line":236,"column":17},"end":{"line":239,"column":13}},"149":{"start":{"line":237,"column":36},"end":{"line":237,"column":81}},"150":{"start":{"line":238,"column":16},"end":{"line":238,"column":54}},"151":{"start":{"line":241,"column":12},"end":{"line":244,"column":13}},"152":{"start":{"line":242,"column":16},"end":{"line":242,"column":86}},"153":{"start":{"line":243,"column":16},"end":{"line":243,"column":58}},"154":{"start":{"line":246,"column":34},"end":{"line":246,"column":64}},"155":{"start":{"line":246,"column":57},"end":{"line":246,"column":63}},"156":{"start":{"line":247,"column":12},"end":{"line":251,"column":13}},"157":{"start":{"line":248,"column":16},"end":{"line":250,"column":19}},"158":{"start":{"line":249,"column":20},"end":{"line":249,"column":51}},"159":{"start":{"line":253,"column":12},"end":{"line":253,"column":89}},"160":{"start":{"line":254,"column":12},"end":{"line":272,"column":13}},"161":{"start":{"line":255,"column":16},"end":{"line":271,"column":17}},"162":{"start":{"line":256,"column":34},"end":{"line":256,"column":82}},"163":{"start":{"line":258,"column":33},"end":{"line":258,"column":51}},"164":{"start":{"line":259,"column":40},"end":{"line":259,"column":56}},"165":{"start":{"line":260,"column":20},"end":{"line":266,"column":21}},"166":{"start":{"line":262,"column":24},"end":{"line":264,"column":25}},"167":{"start":{"line":263,"column":28},"end":{"line":263,"column":51}},"168":{"start":{"line":265,"column":24},"end":{"line":265,"column":76}},"169":{"start":{"line":267,"column":20},"end":{"line":267,"column":42}},"170":{"start":{"line":270,"column":20},"end":{"line":270,"column":100}},"171":{"start":{"line":274,"column":25},"end":{"line":274,"column":43}},"172":{"start":{"line":275,"column":32},"end":{"line":275,"column":84}},"173":{"start":{"line":276,"column":32},"end":{"line":276,"column":68}},"174":{"start":{"line":277,"column":12},"end":{"line":277,"column":72}},"175":{"start":{"line":278,"column":12},"end":{"line":278,"column":72}},"176":{"start":{"line":279,"column":12},"end":{"line":279,"column":56}},"177":{"start":{"line":280,"column":12},"end":{"line":280,"column":42}},"178":{"start":{"line":283,"column":12},"end":{"line":283,"column":63}},"179":{"start":{"line":284,"column":12},"end":{"line":284,"column":24}},"180":{"start":{"line":291,"column":8},"end":{"line":291,"column":63}},"181":{"start":{"line":291,"column":38},"end":{"line":291,"column":61}},"182":{"start":{"line":294,"column":0},"end":{"line":294,"column":52}}},"fnMap":{"0":{"name":"(anonymous_0)","decl":{"start":{"line":2,"column":74},"end":{"line":2,"column":75}},"loc":{"start":{"line":2,"column":96},"end":{"line":9,"column":1}},"line":2},"1":{"name":"(anonymous_1)","decl":{"start":{"line":6,"column":38},"end":{"line":6,"column":39}},"loc":{"start":{"line":6,"column":49},"end":{"line":6,"column":65}},"line":6},"2":{"name":"(anonymous_2)","decl":{"start":{"line":9,"column":6},"end":{"line":9,"column":7}},"loc":{"start":{"line":9,"column":28},"end":{"line":12,"column":1}},"line":9},"3":{"name":"(anonymous_3)","decl":{"start":{"line":13,"column":80},"end":{"line":13,"column":81}},"loc":{"start":{"line":13,"column":95},"end":{"line":15,"column":1}},"line":13},"4":{"name":"(anonymous_4)","decl":{"start":{"line":15,"column":5},"end":{"line":15,"column":6}},"loc":{"start":{"line":15,"column":20},"end":{"line":17,"column":1}},"line":15},"5":{"name":"(anonymous_5)","decl":{"start":{"line":18,"column":51},"end":{"line":18,"column":52}},"loc":{"start":{"line":18,"column":63},"end":{"line":34,"column":1}},"line":18},"6":{"name":"(anonymous_6)","decl":{"start":{"line":19,"column":18},"end":{"line":19,"column":19}},"loc":{"start":{"line":19,"column":30},"end":{"line":26,"column":5}},"line":19},"7":{"name":"(anonymous_7)","decl":{"start":{"line":20,"column":48},"end":{"line":20,"column":49}},"loc":{"start":{"line":20,"column":61},"end":{"line":24,"column":9}},"line":20},"8":{"name":"(anonymous_8)","decl":{"start":{"line":27,"column":11},"end":{"line":27,"column":12}},"loc":{"start":{"line":27,"column":26},"end":{"line":33,"column":5}},"line":27},"9":{"name":"(anonymous_9)","decl":{"start":{"line":51,"column":4},"end":{"line":51,"column":5}},"loc":{"start":{"line":51,"column":39},"end":{"line":55,"column":5}},"line":51},"10":{"name":"(anonymous_10)","decl":{"start":{"line":59,"column":4},"end":{"line":59,"column":5}},"loc":{"start":{"line":59,"column":61},"end":{"line":159,"column":5}},"line":59},"11":{"name":"(anonymous_11)","decl":{"start":{"line":76,"column":15},"end":{"line":76,"column":16}},"loc":{"start":{"line":76,"column":42},"end":{"line":122,"column":13}},"line":76},"12":{"name":"(anonymous_12)","decl":{"start":{"line":163,"column":4},"end":{"line":163,"column":5}},"loc":{"start":{"line":163,"column":36},"end":{"line":182,"column":5}},"line":163},"13":{"name":"(anonymous_13)","decl":{"start":{"line":186,"column":4},"end":{"line":186,"column":5}},"loc":{"start":{"line":186,"column":26},"end":{"line":212,"column":5}},"line":186},"14":{"name":"(anonymous_14)","decl":{"start":{"line":216,"column":4},"end":{"line":216,"column":5}},"loc":{"start":{"line":216,"column":50},"end":{"line":286,"column":5}},"line":216},"15":{"name":"(anonymous_15)","decl":{"start":{"line":246,"column":52},"end":{"line":246,"column":53}},"loc":{"start":{"line":246,"column":57},"end":{"line":246,"column":63}},"line":246},"16":{"name":"(anonymous_16)","decl":{"start":{"line":248,"column":38},"end":{"line":248,"column":39}},"loc":{"start":{"line":248,"column":46},"end":{"line":250,"column":17}},"line":248},"17":{"name":"(anonymous_17)","decl":{"start":{"line":290,"column":4},"end":{"line":290,"column":5}},"loc":{"start":{"line":290,"column":14},"end":{"line":292,"column":5}},"line":290},"18":{"name":"(anonymous_18)","decl":{"start":{"line":291,"column":27},"end":{"line":291,"column":28}},"loc":{"start":{"line":291,"column":38},"end":{"line":291,"column":61}},"line":291}},"branchMap":{"0":{"loc":{"start":{"line":2,"column":22},"end":{"line":12,"column":3}},"type":"binary-expr","locations":[{"start":{"line":2,"column":23},"end":{"line":2,"column":27}},{"start":{"line":2,"column":31},"end":{"line":2,"column":51}},{"start":{"line":2,"column":57},"end":{"line":12,"column":2}}],"line":2},"1":{"loc":{"start":{"line":2,"column":57},"end":{"line":12,"column":2}},"type":"cond-expr","locations":[{"start":{"line":2,"column":74},"end":{"line":9,"column":1}},{"start":{"line":9,"column":6},"end":{"line":12,"column":1}}],"line":2},"2":{"loc":{"start":{"line":3,"column":4},"end":{"line":3,"column":33}},"type":"if","locations":[{"start":{"line":3,"column":4},"end":{"line":3,"column":33}},{"start":{},"end":{}}],"line":3},"3":{"loc":{"start":{"line":5,"column":4},"end":{"line":7,"column":5}},"type":"if","locations":[{"start":{"line":5,"column":4},"end":{"line":7,"column":5}},{"start":{},"end":{}}],"line":5},"4":{"loc":{"start":{"line":5,"column":8},"end":{"line":5,"column":85}},"type":"binary-expr","locations":[{"start":{"line":5,"column":8},"end":{"line":5,"column":13}},{"start":{"line":5,"column":18},"end":{"line":5,"column":84}}],"line":5},"5":{"loc":{"start":{"line":5,"column":18},"end":{"line":5,"column":84}},"type":"cond-expr","locations":[{"start":{"line":5,"column":34},"end":{"line":5,"column":47}},{"start":{"line":5,"column":50},"end":{"line":5,"column":84}}],"line":5},"6":{"loc":{"start":{"line":5,"column":50},"end":{"line":5,"column":84}},"type":"binary-expr","locations":[{"start":{"line":5,"column":50},"end":{"line":5,"column":63}},{"start":{"line":5,"column":67},"end":{"line":5,"column":84}}],"line":5},"7":{"loc":{"start":{"line":10,"column":4},"end":{"line":10,"column":33}},"type":"if","locations":[{"start":{"line":10,"column":4},"end":{"line":10,"column":33}},{"start":{},"end":{}}],"line":10},"8":{"loc":{"start":{"line":13,"column":25},"end":{"line":17,"column":2}},"type":"binary-expr","locations":[{"start":{"line":13,"column":26},"end":{"line":13,"column":30}},{"start":{"line":13,"column":34},"end":{"line":13,"column":57}},{"start":{"line":13,"column":63},"end":{"line":17,"column":1}}],"line":13},"9":{"loc":{"start":{"line":13,"column":63},"end":{"line":17,"column":1}},"type":"cond-expr","locations":[{"start":{"line":13,"column":80},"end":{"line":15,"column":1}},{"start":{"line":15,"column":5},"end":{"line":17,"column":1}}],"line":13},"10":{"loc":{"start":{"line":18,"column":19},"end":{"line":34,"column":4}},"type":"binary-expr","locations":[{"start":{"line":18,"column":20},"end":{"line":18,"column":24}},{"start":{"line":18,"column":28},"end":{"line":18,"column":45}},{"start":{"line":18,"column":50},"end":{"line":34,"column":4}}],"line":18},"11":{"loc":{"start":{"line":20,"column":18},"end":{"line":24,"column":9}},"type":"binary-expr","locations":[{"start":{"line":20,"column":18},"end":{"line":20,"column":44}},{"start":{"line":20,"column":48},"end":{"line":24,"column":9}}],"line":20},"12":{"loc":{"start":{"line":22,"column":29},"end":{"line":22,"column":95}},"type":"if","locations":[{"start":{"line":22,"column":29},"end":{"line":22,"column":95}},{"start":{},"end":{}}],"line":22},"13":{"loc":{"start":{"line":28,"column":8},"end":{"line":28,"column":46}},"type":"if","locations":[{"start":{"line":28,"column":8},"end":{"line":28,"column":46}},{"start":{},"end":{}}],"line":28},"14":{"loc":{"start":{"line":28,"column":12},"end":{"line":28,"column":33}},"type":"binary-expr","locations":[{"start":{"line":28,"column":12},"end":{"line":28,"column":15}},{"start":{"line":28,"column":19},"end":{"line":28,"column":33}}],"line":28},"15":{"loc":{"start":{"line":30,"column":8},"end":{"line":30,"column":137}},"type":"if","locations":[{"start":{"line":30,"column":8},"end":{"line":30,"column":137}},{"start":{},"end":{}}],"line":30},"16":{"loc":{"start":{"line":30,"column":78},"end":{"line":30,"column":137}},"type":"if","locations":[{"start":{"line":30,"column":78},"end":{"line":30,"column":137}},{"start":{},"end":{}}],"line":30},"17":{"loc":{"start":{"line":65,"column":12},"end":{"line":67,"column":13}},"type":"if","locations":[{"start":{"line":65,"column":12},"end":{"line":67,"column":13}},{"start":{},"end":{}}],"line":65},"18":{"loc":{"start":{"line":70,"column":70},"end":{"line":70,"column":109}},"type":"binary-expr","locations":[{"start":{"line":70,"column":70},"end":{"line":70,"column":81}},{"start":{"line":70,"column":85},"end":{"line":70,"column":109}}],"line":70},"19":{"loc":{"start":{"line":70,"column":111},"end":{"line":70,"column":136}},"type":"binary-expr","locations":[{"start":{"line":70,"column":111},"end":{"line":70,"column":125}},{"start":{"line":70,"column":129},"end":{"line":70,"column":136}}],"line":70},"20":{"loc":{"start":{"line":82,"column":20},"end":{"line":84,"column":21}},"type":"if","locations":[{"start":{"line":82,"column":20},"end":{"line":84,"column":21}},{"start":{},"end":{}}],"line":82},"21":{"loc":{"start":{"line":96,"column":41},"end":{"line":98,"column":59}},"type":"cond-expr","locations":[{"start":{"line":97,"column":26},"end":{"line":97,"column":80}},{"start":{"line":98,"column":26},"end":{"line":98,"column":59}}],"line":96},"22":{"loc":{"start":{"line":135,"column":12},"end":{"line":141,"column":13}},"type":"if","locations":[{"start":{"line":135,"column":12},"end":{"line":141,"column":13}},{"start":{"line":139,"column":17},"end":{"line":141,"column":13}}],"line":135},"23":{"loc":{"start":{"line":139,"column":17},"end":{"line":141,"column":13}},"type":"if","locations":[{"start":{"line":139,"column":17},"end":{"line":141,"column":13}},{"start":{},"end":{}}],"line":139},"24":{"loc":{"start":{"line":166,"column":12},"end":{"line":168,"column":13}},"type":"if","locations":[{"start":{"line":166,"column":12},"end":{"line":168,"column":13}},{"start":{},"end":{}}],"line":166},"25":{"loc":{"start":{"line":190,"column":12},"end":{"line":192,"column":13}},"type":"if","locations":[{"start":{"line":190,"column":12},"end":{"line":192,"column":13}},{"start":{},"end":{}}],"line":190},"26":{"loc":{"start":{"line":221,"column":12},"end":{"line":226,"column":13}},"type":"if","locations":[{"start":{"line":221,"column":12},"end":{"line":226,"column":13}},{"start":{},"end":{}}],"line":221},"27":{"loc":{"start":{"line":231,"column":12},"end":{"line":239,"column":13}},"type":"if","locations":[{"start":{"line":231,"column":12},"end":{"line":239,"column":13}},{"start":{"line":236,"column":17},"end":{"line":239,"column":13}}],"line":231},"28":{"loc":{"start":{"line":236,"column":17},"end":{"line":239,"column":13}},"type":"if","locations":[{"start":{"line":236,"column":17},"end":{"line":239,"column":13}},{"start":{},"end":{}}],"line":236},"29":{"loc":{"start":{"line":241,"column":12},"end":{"line":244,"column":13}},"type":"if","locations":[{"start":{"line":241,"column":12},"end":{"line":244,"column":13}},{"start":{},"end":{}}],"line":241},"30":{"loc":{"start":{"line":247,"column":12},"end":{"line":251,"column":13}},"type":"if","locations":[{"start":{"line":247,"column":12},"end":{"line":251,"column":13}},{"start":{},"end":{}}],"line":247},"31":{"loc":{"start":{"line":260,"column":20},"end":{"line":266,"column":21}},"type":"if","locations":[{"start":{"line":260,"column":20},"end":{"line":266,"column":21}},{"start":{},"end":{}}],"line":260},"32":{"loc":{"start":{"line":260,"column":24},"end":{"line":260,"column":56}},"type":"binary-expr","locations":[{"start":{"line":260,"column":24},"end":{"line":260,"column":35}},{"start":{"line":260,"column":39},"end":{"line":260,"column":56}}],"line":260},"33":{"loc":{"start":{"line":262,"column":24},"end":{"line":264,"column":25}},"type":"if","locations":[{"start":{"line":262,"column":24},"end":{"line":264,"column":25}},{"start":{},"end":{}}],"line":262}},"s":{"0":1,"1":124,"2":124,"3":124,"4":124,"5":124,"6":113,"7":124,"8":0,"9":0,"10":0,"11":1,"12":3,"13":0,"14":1,"15":1,"16":1,"17":0,"18":0,"19":0,"20":0,"21":0,"22":1,"23":1,"24":3,"25":0,"26":3,"27":3,"28":3,"29":3,"30":3,"31":125,"32":124,"33":3,"34":3,"35":1,"36":1,"37":1,"38":1,"39":1,"40":1,"41":1,"42":1,"43":1,"44":20,"45":20,"46":20,"47":9,"48":9,"49":9,"50":9,"51":9,"52":1,"53":8,"54":8,"55":8,"56":8,"57":8,"58":8,"59":8,"60":8,"61":9,"62":1,"63":8,"64":8,"65":8,"66":8,"67":8,"68":8,"69":8,"70":8,"71":8,"72":8,"73":8,"74":8,"75":8,"76":7,"77":7,"78":7,"79":1,"80":7,"81":7,"82":7,"83":7,"84":7,"85":7,"86":7,"87":7,"88":7,"89":7,"90":7,"91":7,"92":0,"93":0,"94":7,"95":7,"96":7,"97":7,"98":7,"99":7,"100":7,"101":7,"102":7,"103":7,"104":2,"105":2,"106":3,"107":3,"108":3,"109":1,"110":2,"111":2,"112":3,"113":3,"114":3,"115":2,"116":1,"117":1,"118":5,"119":5,"120":5,"121":5,"122":1,"123":4,"124":4,"125":4,"126":4,"127":4,"128":4,"129":4,"130":4,"131":4,"132":4,"133":1,"134":1,"135":5,"136":5,"137":5,"138":5,"139":1,"140":1,"141":4,"142":4,"143":4,"144":4,"145":2,"146":2,"147":2,"148":2,"149":1,"150":1,"151":4,"152":1,"153":1,"154":3,"155":3,"156":3,"157":3,"158":3,"159":3,"160":3,"161":3,"162":3,"163":2,"164":2,"165":2,"166":2,"167":0,"168":2,"169":2,"170":1,"171":3,"172":3,"173":3,"174":3,"175":3,"176":3,"177":3,"178":0,"179":0,"180":12,"181":12,"182":1},"f":{"0":124,"1":113,"2":0,"3":3,"4":0,"5":1,"6":1,"7":0,"8":3,"9":20,"10":9,"11":8,"12":3,"13":5,"14":5,"15":3,"16":3,"17":12,"18":12},"b":{"0":[1,1,1],"1":[1,0],"2":[124,0],"3":[124,0],"4":[124,124],"5":[0,124],"6":[124,0],"7":[0,0],"8":[1,1,1],"9":[1,0],"10":[1,1,1],"11":[1,0],"12":[0,0],"13":[0,3],"14":[3,3],"15":[3,0],"16":[124,1],"17":[1,8],"18":[8,7],"19":[8,7],"20":[1,8],"21":[0,8],"22":[7,0],"23":[0,0],"24":[1,2],"25":[1,4],"26":[1,4],"27":[2,2],"28":[1,1],"29":[1,3],"30":[3,0],"31":[2,0],"32":[2,2],"33":[0,2]},"inputSourceMap":{"version":3,"file":"DocumentationService.js","sourceRoot":"","sources":["../../src/services/DocumentationService.ts"],"names":[],"mappings":";;;;;;;;;;;;;;;;;;;;;;;;;;;;;;;;;;;;AAAA,+CAAiC;AACjC,uCAAyB;AACzB,2CAA6B;AAC7B,mDAAgD;AAChD,yDAAsD;AACtD,qEAAkE;AAElE,2DAAwD;AAExD;;GAEG;AACH,MAAa,oBAAoB;IACrB,aAAa,CAAgB;IAC7B,QAAQ,CAAmB;IAC3B,aAAa,CAAS;IAE9B,YAAY,aAAqB,EAAE,MAAc;QAC7C,IAAI,CAAC,aAAa,GAAG,aAAa,CAAC;QACnC,IAAI,CAAC,aAAa,GAAG,IAAI,6BAAa,CAAC,aAAa,CAAC,CAAC;QACtD,IAAI,CAAC,QAAQ,GAAG,IAAI,mCAAgB,CAAC,MAAM,CAAC,CAAC;IACjD,CAAC;IAED;;OAEG;IACH,KAAK,CAAC,qBAAqB,CACvB,WAAoB,EACpB,cAAuB;QAEvB,IAAI,CAAC;YACD,OAAO,CAAC,GAAG,CAAC,yCAAyC,CAAC,CAAC;YAEvD,gCAAgC;YAChC,MAAM,CAAC,MAAM,CAAC,sBAAsB,CAAC,uBAAuB,CAAC,CAAC;YAC9D,MAAM,UAAU,GAAG,MAAM,IAAI,CAAC,aAAa,CAAC,kBAAkB,EAAE,CAAC;YAEjE,IAAI,UAAU,CAAC,WAAW,KAAK,CAAC,EAAE,CAAC;gBAC/B,MAAM,IAAI,KAAK,CAAC,6BAA6B,CAAC,CAAC;YACnD,CAAC;YAED,OAAO,CAAC,GAAG,CAAC,WAAW,UAAU,CAAC,WAAW,SAAS,CAAC,CAAC;YAExD,mCAAmC;YACnC,MAAM,SAAS,GAAG,IAAI,mCAAgB,CAClC,WAAW,IAAI,wBAAwB,EACvC,cAAc,IAAI,OAAO,EACzB,2CAA2C,CAC9C,CAAC;YAEF,kEAAkE;YAClE,MAAM,MAAM,CAAC,MAAM,CAAC,YAAY,CAAC;gBAC7B,QAAQ,EAAE,MAAM,CAAC,gBAAgB,CAAC,YAAY;gBAC9C,KAAK,EAAE,sCAAsC;gBAC7C,WAAW,EAAE,IAAI;aACpB,EAAE,KAAK,EAAE,QAAQ,EAAE,KAAK,EAAE,EAAE;gBACzB,MAAM,MAAM,GAAG,UAAU,CAAC,MAAM,CAAC;gBACjC,MAAM,WAAW,GAAG,MAAM,CAAC,MAAM,CAAC;gBAClC,MAAM,SAAS,GAAG,IAAI,CAAC,GAAG,EAAE,CAAC;gBAE7B,KAAK,IAAI,CAAC,GAAG,CAAC,EAAE,CAAC,GAAG,WAAW,EAAE,CAAC,EAAE,EAAE,CAAC;oBACnC,0BAA0B;oBAC1B,IAAI,KAAK,CAAC,uBAAuB,EAAE,CAAC;wBAChC,MAAM,IAAI,KAAK,CAAC,4CAA4C,CAAC,CAAC;oBAClE,CAAC;oBAED,MAAM,KAAK,GAAG,MAAM,CAAC,CAAC,CAAC,CAAC;oBACxB,MAAM,UAAU,GAAG,GAAG,KAAK,CAAC,MAAM,IAAI,KAAK,CAAC,IAAI,EAAE,CAAC;oBAEnD,gCAAgC;oBAChC,MAAM,eAAe,GAAG,IAAI,CAAC,KAAK,CAAC,CAAC,CAAC,GAAG,WAAW,CAAC,GAAG,GAAG,CAAC,CAAC;oBAE5D,0BAA0B;oBAC1B,MAAM,SAAS,GAAG,IAAI,CAAC,GAAG,EAAE,GAAG,SAAS,CAAC;oBACzC,MAAM,eAAe,GAAG,SAAS,GAAG,CAAC,CAAC,GAAG,CAAC,CAAC,CAAC;oBAC5C,MAAM,eAAe,GAAG,WAAW,GAAG,CAAC,CAAC,GAAG,CAAC,CAAC,CAAC;oBAC9C,MAAM,oBAAoB,GAAG,eAAe,GAAG,eAAe,CAAC;oBAC/D,MAAM,gBAAgB,GAAG,IAAI,CAAC,IAAI,CAAC,oBAAoB,GAAG,KAAK,CAAC,CAAC;oBACjE,MAAM,gBAAgB,GAAG,IAAI,CAAC,IAAI,CAAC,CAAC,oBAAoB,GAAG,KAAK,CAAC,GAAG,IAAI,CAAC,CAAC;oBAE1E,MAAM,YAAY,GAAG,gBAAgB,GAAG,CAAC;wBACrC,CAAC,CAAC,IAAI,gBAAgB,KAAK,gBAAgB,aAAa;wBACxD,CAAC,CAAC,IAAI,gBAAgB,aAAa,CAAC;oBAExC,QAAQ,CAAC,MAAM,CAAC;wBACZ,OAAO,EAAE,IAAI,CAAC,GAAG,CAAC,IAAI,WAAW,KAAK,UAAU,MAAM,eAAe,OAAO,YAAY,EAAE;wBAC1F,SAAS,EAAE,CAAC,GAAG,GAAG,WAAW,CAAC;qBACjC,CAAC,CAAC;oBAEH,IAAI,CAAC;wBACD,2CAA2C;wBAC3C,MAAM,KAAK,GAAG,MAAM,IAAI,CAAC,QAAQ,CAAC,qBAAqB,CAAC,KAAK,CAAC,CAAC;wBAE/D,mBAAmB;wBACnB,SAAS,CAAC,iBAAiB,CAAC,KAAK,EAAE,KAAK,CAAC,CAAC;wBAE1C,OAAO,CAAC,GAAG,CAAC,MAAM,CAAC,GAAG,CAAC,IAAI,WAAW,yBAAyB,UAAU,EAAE,CAAC,CAAC;wBAE7E,qCAAqC;wBACrC,MAAM,IAAI,CAAC,KAAK,CAAC,GAAG,CAAC,CAAC;oBAE1B,CAAC;oBAAC,OAAO,KAAK,EAAE,CAAC;wBACb,OAAO,CAAC,IAAI,CAAC,qCAAqC,UAAU,kBAAkB,CAAC,CAAC;wBAChF,iEAAiE;oBACrE,CAAC;gBACL,CAAC;gBAED,aAAa;gBACb,QAAQ,CAAC,MAAM,CAAC;oBACZ,OAAO,EAAE,6BAA6B;oBACtC,SAAS,EAAE,GAAG;iBACjB,CAAC,CAAC;YACP,CAAC,CAAC,CAAC;YAEH,4BAA4B;YAC5B,OAAO,CAAC,GAAG,CAAC,2BAA2B,CAAC,CAAC;YACzC,SAAS,CAAC,gBAAgB,EAAE,CAAC;YAE7B,0BAA0B;YAC1B,SAAS,CAAC,SAAS,CAAC,uBAAuB,EAAE,oBAAoB,CAAC,CAAC;YAEnE,iCAAiC;YACjC,MAAM,WAAW,GAAG,SAAS,CAAC,MAAM,EAAE,CAAC;YACvC,MAAM,WAAW,GAAG,SAAS,CAAC,MAAM,EAAE,CAAC;YAEvC,sCAAsC;YACtC,OAAO,CAAC,GAAG,CAAC,0CAA0C,CAAC,CAAC;YACxD,MAAM,iBAAiB,GAAG,IAAI,qCAAiB,EAAE,CAAC;YAClD,MAAM,gBAAgB,GAAG,iBAAiB,CAAC,gBAAgB,CAAC,SAAS,CAAC,WAAW,EAAE,CAAC,CAAC;YAErF,IAAI,CAAC,gBAAgB,CAAC,OAAO,EAAE,CAAC;gBAC5B,OAAO,CAAC,IAAI,CAAC,6BAA6B,EAAE,gBAAgB,CAAC,MAAM,CAAC,CAAC;gBACrE,MAAM,CAAC,MAAM,CAAC,kBAAkB,CAC5B,sCAAsC,gBAAgB,CAAC,MAAM,CAAC,MAAM,+CAA+C,CACtH,CAAC;YACN,CAAC;iBAAM,IAAI,gBAAgB,CAAC,QAAQ,CAAC,MAAM,GAAG,CAAC,EAAE,CAAC;gBAC9C,OAAO,CAAC,GAAG,CAAC,yBAAyB,EAAE,gBAAgB,CAAC,QAAQ,CAAC,CAAC;YACtE,CAAC;YAED,yBAAyB;YACzB,MAAM,QAAQ,GAAG,IAAI,CAAC,IAAI,CAAC,IAAI,CAAC,aAAa,EAAE,cAAc,CAAC,CAAC;YAC/D,MAAM,QAAQ,GAAG,IAAI,CAAC,IAAI,CAAC,IAAI,CAAC,aAAa,EAAE,cAAc,CAAC,CAAC;YAE/D,MAAM,EAAE,CAAC,QAAQ,CAAC,SAAS,CAAC,QAAQ,EAAE,WAAW,EAAE,OAAO,CAAC,CAAC;YAC5D,MAAM,EAAE,CAAC,QAAQ,CAAC,SAAS,CAAC,QAAQ,EAAE,WAAW,EAAE,OAAO,CAAC,CAAC;YAE5D,0BAA0B;YAC1B,MAAM,UAAU,GAAG,IAAI,CAAC,IAAI,CAAC,IAAI,CAAC,aAAa,EAAE,uBAAuB,CAAC,CAAC;YAC1E,MAAM,MAAM,GAAG,iBAAiB,CAAC,cAAc,CAAC,gBAAgB,CAAC,CAAC;YAClE,MAAM,EAAE,CAAC,QAAQ,CAAC,SAAS,CAAC,UAAU,EAAE,MAAM,EAAE,OAAO,CAAC,CAAC;YAEzD,OAAO,CAAC,GAAG,CAAC,+BAA+B,CAAC,CAAC;YAC7C,OAAO,CAAC,GAAG,CAAC,6BAA6B,CAAC,CAAC;YAE3C,OAAO,EAAE,QAAQ,EAAE,QAAQ,EAAE,CAAC;QAElC,CAAC;QAAC,OAAO,KAAK,EAAE,CAAC;YACb,OAAO,CAAC,KAAK,CAAC,oCAAoC,EAAE,KAAK,CAAC,CAAC;YAC3D,MAAM,KAAK,CAAC;QAChB,CAAC;IACL,CAAC;IAED;;OAEG;IACH,KAAK,CAAC,eAAe,CAAC,QAAgB;QAClC,IAAI,CAAC;YACD,MAAM,MAAM,GAAG,MAAM,IAAI,CAAC,aAAa,CAAC,SAAS,CAAC,QAAQ,CAAC,CAAC;YAE5D,IAAI,MAAM,CAAC,MAAM,KAAK,CAAC,EAAE,CAAC;gBACtB,MAAM,IAAI,KAAK,CAAC,yBAAyB,CAAC,CAAC;YAC/C,CAAC;YAED,MAAM,SAAS,GAAG,IAAI,mCAAgB,EAAE,CAAC;YAEzC,+BAA+B;YAC/B,KAAK,MAAM,KAAK,IAAI,MAAM,EAAE,CAAC;gBACzB,MAAM,KAAK,GAAG,MAAM,IAAI,CAAC,QAAQ,CAAC,qBAAqB,CAAC,KAAK,CAAC,CAAC;gBAC/D,SAAS,CAAC,iBAAiB,CAAC,KAAK,EAAE,KAAK,CAAC,CAAC;gBAC1C,MAAM,IAAI,CAAC,KAAK,CAAC,GAAG,CAAC,CAAC;YAC1B,CAAC;YAED,OAAO,SAAS,CAAC,MAAM,EAAE,CAAC;QAE9B,CAAC;QAAC,OAAO,KAAK,EAAE,CAAC;YACb,OAAO,CAAC,KAAK,CAAC,qCAAqC,EAAE,KAAK,CAAC,CAAC;YAC5D,MAAM,KAAK,CAAC;QAChB,CAAC;IACL,CAAC;IAED;;OAEG;IACH,KAAK,CAAC,aAAa;QACf,IAAI,CAAC;YACD,OAAO,CAAC,GAAG,CAAC,gCAAgC,CAAC,CAAC;YAE9C,MAAM,UAAU,GAAG,MAAM,IAAI,CAAC,aAAa,CAAC,kBAAkB,EAAE,CAAC;YAEjE,IAAI,UAAU,CAAC,WAAW,KAAK,CAAC,EAAE,CAAC;gBAC/B,MAAM,IAAI,KAAK,CAAC,iBAAiB,CAAC,CAAC;YACvC,CAAC;YAED,MAAM,SAAS,GAAG,IAAI,mCAAgB,CAClC,wBAAwB,EACxB,OAAO,CACV,CAAC;YAEF,4BAA4B;YAC5B,SAAS,CAAC,SAAS,CAAC,UAAU,CAAC,MAAM,CAAC,CAAC;YAEvC,sCAAsC;YACtC,OAAO,CAAC,GAAG,CAAC,2BAA2B,CAAC,CAAC;YACzC,SAAS,CAAC,gBAAgB,EAAE,CAAC;YAE7B,kBAAkB;YAClB,SAAS,CAAC,SAAS,CAAC,uBAAuB,CAAC,CAAC;YAE7C,cAAc;YACd,MAAM,QAAQ,GAAG,IAAI,CAAC,IAAI,CAAC,IAAI,CAAC,aAAa,EAAE,cAAc,CAAC,CAAC;YAC/D,MAAM,QAAQ,GAAG,IAAI,CAAC,IAAI,CAAC,IAAI,CAAC,aAAa,EAAE,cAAc,CAAC,CAAC;YAE/D,MAAM,EAAE,CAAC,QAAQ,CAAC,SAAS,CAAC,QAAQ,EAAE,SAAS,CAAC,MAAM,EAAE,EAAE,OAAO,CAAC,CAAC;YACnE,MAAM,EAAE,CAAC,QAAQ,CAAC,SAAS,CAAC,QAAQ,EAAE,SAAS,CAAC,MAAM,EAAE,EAAE,OAAO,CAAC,CAAC;YAEnE,OAAO,EAAE,QAAQ,EAAE,QAAQ,EAAE,CAAC;QAElC,CAAC;QAAC,OAAO,KAAK,EAAE,CAAC;YACb,OAAO,CAAC,KAAK,CAAC,4BAA4B,EAAE,KAAK,CAAC,CAAC;YACnD,MAAM,KAAK,CAAC;QAChB,CAAC;IACL,CAAC;IAED;;OAEG;IACH,KAAK,CAAC,sBAAsB,CAAC,eAAuB;QAChD,IAAI,CAAC;YACD,OAAO,CAAC,GAAG,CAAC,4BAA4B,eAAe,EAAE,CAAC,CAAC;YAE3D,sCAAsC;YACtC,MAAM,aAAa,GAAG,MAAM,IAAI,CAAC,aAAa,CAAC,SAAS,CAAC,eAAe,CAAC,CAAC;YAE1E,IAAI,aAAa,CAAC,MAAM,KAAK,CAAC,EAAE,CAAC;gBAC7B,OAAO,CAAC,GAAG,CAAC,2CAA2C,CAAC,CAAC;gBACzD,wDAAwD;gBACxD,qDAAqD;gBACrD,OAAO,MAAM,IAAI,CAAC,aAAa,EAAE,CAAC;YACtC,CAAC;YAED,sCAAsC;YACtC,MAAM,QAAQ,GAAG,IAAI,CAAC,IAAI,CAAC,IAAI,CAAC,aAAa,EAAE,cAAc,CAAC,CAAC;YAC/D,MAAM,QAAQ,GAAG,IAAI,CAAC,IAAI,CAAC,IAAI,CAAC,aAAa,EAAE,cAAc,CAAC,CAAC;YAE/D,IAAI,WAAW,GAAQ,IAAI,CAAC;YAC5B,IAAI,EAAE,CAAC,UAAU,CAAC,QAAQ,CAAC,EAAE,CAAC;gBAC1B,MAAM,IAAI,GAAG,OAAO,CAAC,SAAS,CAAC,CAAC;gBAChC,MAAM,WAAW,GAAG,MAAM,EAAE,CAAC,QAAQ,CAAC,QAAQ,CAAC,QAAQ,EAAE,OAAO,CAAC,CAAC;gBAClE,WAAW,GAAG,IAAI,CAAC,IAAI,CAAC,WAAW,CAAC,CAAC;YACzC,CAAC;iBAAM,IAAI,EAAE,CAAC,UAAU,CAAC,QAAQ,CAAC,EAAE,CAAC;gBACjC,MAAM,WAAW,GAAG,MAAM,EAAE,CAAC,QAAQ,CAAC,QAAQ,CAAC,QAAQ,EAAE,OAAO,CAAC,CAAC;gBAClE,WAAW,GAAG,IAAI,CAAC,KAAK,CAAC,WAAW,CAAC,CAAC;YAC1C,CAAC;YAED,iDAAiD;YACjD,IAAI,CAAC,WAAW,EAAE,CAAC;gBACf,OAAO,CAAC,GAAG,CAAC,wDAAwD,CAAC,CAAC;gBACtE,OAAO,MAAM,IAAI,CAAC,qBAAqB,EAAE,CAAC;YAC9C,CAAC;YAED,kDAAkD;YAClD,MAAM,aAAa,GAAG,aAAa,CAAC,GAAG,CAAC,CAAC,CAAC,EAAE,CAAC,CAAC,CAAC,IAAI,CAAC,CAAC;YACrD,IAAI,WAAW,CAAC,KAAK,EAAE,CAAC;gBACpB,aAAa,CAAC,OAAO,CAAC,IAAI,CAAC,EAAE;oBACzB,OAAO,WAAW,CAAC,KAAK,CAAC,IAAI,CAAC,CAAC;gBACnC,CAAC,CAAC,CAAC;YACP,CAAC;YAED,mDAAmD;YACnD,OAAO,CAAC,GAAG,CAAC,6BAA6B,aAAa,CAAC,MAAM,cAAc,CAAC,CAAC;YAE7E,KAAK,MAAM,KAAK,IAAI,aAAa,EAAE,CAAC;gBAChC,IAAI,CAAC;oBACD,MAAM,KAAK,GAAG,MAAM,IAAI,CAAC,QAAQ,CAAC,qBAAqB,CAAC,KAAK,CAAC,CAAC;oBAE/D,4CAA4C;oBAC5C,MAAM,IAAI,GAAG,OAAO,CAAC,SAAS,CAAC,CAAC;oBAChC,MAAM,WAAW,GAAG,IAAI,CAAC,IAAI,CAAC,KAAK,CAAC,CAAC;oBAErC,IAAI,WAAW,IAAI,WAAW,CAAC,KAAK,EAAE,CAAC;wBACnC,sCAAsC;wBACtC,IAAI,CAAC,WAAW,CAAC,KAAK,EAAE,CAAC;4BACrB,WAAW,CAAC,KAAK,GAAG,EAAE,CAAC;wBAC3B,CAAC;wBACD,MAAM,CAAC,MAAM,CAAC,WAAW,CAAC,KAAK,EAAE,WAAW,CAAC,KAAK,CAAC,CAAC;oBACxD,CAAC;oBAED,MAAM,IAAI,CAAC,KAAK,CAAC,GAAG,CAAC,CAAC,CAAC,gBAAgB;gBAE3C,CAAC;gBAAC,OAAO,KAAK,EAAE,CAAC;oBACb,OAAO,CAAC,IAAI,CAAC,qCAAqC,KAAK,CAAC,MAAM,IAAI,KAAK,CAAC,IAAI,EAAE,CAAC,CAAC;gBACpF,CAAC;YACL,CAAC;YAED,sCAAsC;YACtC,MAAM,IAAI,GAAG,OAAO,CAAC,SAAS,CAAC,CAAC;YAChC,MAAM,WAAW,GAAG,IAAI,CAAC,IAAI,CAAC,WAAW,EAAE,EAAE,MAAM,EAAE,CAAC,EAAE,SAAS,EAAE,CAAC,CAAC,EAAE,CAAC,CAAC;YACzE,MAAM,WAAW,GAAG,IAAI,CAAC,SAAS,CAAC,WAAW,EAAE,IAAI,EAAE,CAAC,CAAC,CAAC;YAEzD,MAAM,EAAE,CAAC,QAAQ,CAAC,SAAS,CAAC,QAAQ,EAAE,WAAW,EAAE,OAAO,CAAC,CAAC;YAC5D,MAAM,EAAE,CAAC,QAAQ,CAAC,SAAS,CAAC,QAAQ,EAAE,WAAW,EAAE,OAAO,CAAC,CAAC;YAE5D,OAAO,CAAC,GAAG,CAAC,8BAA8B,CAAC,CAAC;YAC5C,OAAO,EAAE,QAAQ,EAAE,QAAQ,EAAE,CAAC;QAElC,CAAC;QAAC,OAAO,KAAK,EAAE,CAAC;YACb,OAAO,CAAC,KAAK,CAAC,4BAA4B,EAAE,KAAK,CAAC,CAAC;YACnD,MAAM,KAAK,CAAC;QAChB,CAAC;IACL,CAAC;IAGD;;OAEG;IACK,KAAK,CAAC,EAAU;QACpB,OAAO,IAAI,OAAO,CAAC,OAAO,CAAC,EAAE,CAAC,UAAU,CAAC,OAAO,EAAE,EAAE,CAAC,CAAC,CAAC;IAC3D,CAAC;CACJ;AA5TD,oDA4TC"},"_coverageSchema":"1a1c01bbd47fc00a2c39e90264f33305004495a9","hash":"e2a8d688726e9db09824e0eff8ac50fd87e66e95","contentHash":"cf896b2ab3adbd43ab6d646a96169b005cf95b387bf9d9018e328a8e00743f8b"},"/Users/alfianwinarso/Documents/rest-api-doc-generator/rest-api-doc-generator/out/services/ParserService.js":{"path":"/Users/alfianwinarso/Documents/rest-api-doc-generator/rest-api-doc-generator/out/services/ParserService.js","statementMap":{"0":{"start":{"line":2,"column":22},"end":{"line":12,"column":3}},"1":{"start":{"line":3,"column":4},"end":{"line":3,"column":33}},"2":{"start":{"line":3,"column":26},"end":{"line":3,"column":33}},"3":{"start":{"line":4,"column":15},"end":{"line":4,"column":52}},"4":{"start":{"line":5,"column":4},"end":{"line":7,"column":5}},"5":{"start":{"line":6,"column":6},"end":{"line":6,"column":68}},"6":{"start":{"line":6,"column":51},"end":{"line":6,"column":63}},"7":{"start":{"line":8,"column":4},"end":{"line":8,"column":39}},"8":{"start":{"line":10,"column":4},"end":{"line":10,"column":33}},"9":{"start":{"line":10,"column":26},"end":{"line":10,"column":33}},"10":{"start":{"line":11,"column":4},"end":{"line":11,"column":17}},"11":{"start":{"line":13,"column":25},"end":{"line":17,"column":2}},"12":{"start":{"line":14,"column":4},"end":{"line":14,"column":72}},"13":{"start":{"line":16,"column":4},"end":{"line":16,"column":21}},"14":{"start":{"line":18,"column":19},"end":{"line":34,"column":4}},"15":{"start":{"line":19,"column":18},"end":{"line":26,"column":5}},"16":{"start":{"line":20,"column":8},"end":{"line":24,"column":10}},"17":{"start":{"line":21,"column":21},"end":{"line":21,"column":23}},"18":{"start":{"line":22,"column":12},"end":{"line":22,"column":95}},"19":{"start":{"line":22,"column":29},"end":{"line":22,"column":95}},"20":{"start":{"line":22,"column":77},"end":{"line":22,"column":95}},"21":{"start":{"line":23,"column":12},"end":{"line":23,"column":22}},"22":{"start":{"line":25,"column":8},"end":{"line":25,"column":26}},"23":{"start":{"line":27,"column":4},"end":{"line":33,"column":6}},"24":{"start":{"line":28,"column":8},"end":{"line":28,"column":46}},"25":{"start":{"line":28,"column":35},"end":{"line":28,"column":46}},"26":{"start":{"line":29,"column":21},"end":{"line":29,"column":23}},"27":{"start":{"line":30,"column":8},"end":{"line":30,"column":137}},"28":{"start":{"line":30,"column":25},"end":{"line":30,"column":137}},"29":{"start":{"line":30,"column":38},"end":{"line":30,"column":50}},"30":{"start":{"line":30,"column":56},"end":{"line":30,"column":57}},"31":{"start":{"line":30,"column":78},"end":{"line":30,"column":137}},"32":{"start":{"line":30,"column":102},"end":{"line":30,"column":137}},"33":{"start":{"line":31,"column":8},"end":{"line":31,"column":40}},"34":{"start":{"line":32,"column":8},"end":{"line":32,"column":22}},"35":{"start":{"line":35,"column":0},"end":{"line":35,"column":62}},"36":{"start":{"line":36,"column":0},"end":{"line":36,"column":31}},"37":{"start":{"line":37,"column":15},"end":{"line":37,"column":46}},"38":{"start":{"line":38,"column":22},"end":{"line":38,"column":55}},"39":{"start":{"line":39,"column":22},"end":{"line":39,"column":55}},"40":{"start":{"line":47,"column":8},"end":{"line":47,"column":72}},"41":{"start":{"line":48,"column":8},"end":{"line":48,"column":59}},"42":{"start":{"line":54,"column":23},"end":{"line":59,"column":9}},"43":{"start":{"line":60,"column":8},"end":{"line":105,"column":9}},"44":{"start":{"line":61,"column":12},"end":{"line":61,"column":61}},"45":{"start":{"line":62,"column":12},"end":{"line":62,"column":64}},"46":{"start":{"line":64,"column":12},"end":{"line":64,"column":58}},"47":{"start":{"line":65,"column":31},"end":{"line":65,"column":75}},"48":{"start":{"line":66,"column":12},"end":{"line":66,"column":77}},"49":{"start":{"line":67,"column":12},"end":{"line":67,"column":54}},"50":{"start":{"line":68,"column":12},"end":{"line":68,"column":50}},"51":{"start":{"line":69,"column":12},"end":{"line":72,"column":13}},"52":{"start":{"line":70,"column":16},"end":{"line":70,"column":89}},"53":{"start":{"line":71,"column":16},"end":{"line":71,"column":30}},"54":{"start":{"line":74,"column":12},"end":{"line":74,"column":68}},"55":{"start":{"line":75,"column":12},"end":{"line":95,"column":13}},"56":{"start":{"line":76,"column":16},"end":{"line":94,"column":17}},"57":{"start":{"line":77,"column":36},"end":{"line":77,"column":77}},"58":{"start":{"line":79,"column":20},"end":{"line":81,"column":21}},"59":{"start":{"line":80,"column":24},"end":{"line":80,"column":33}},"60":{"start":{"line":83,"column":35},"end":{"line":83,"column":82}},"61":{"start":{"line":84,"column":20},"end":{"line":84,"column":50}},"62":{"start":{"line":87,"column":38},"end":{"line":91,"column":21}},"63":{"start":{"line":92,"column":20},"end":{"line":92,"column":50}},"64":{"start":{"line":93,"column":20},"end":{"line":93,"column":73}},"65":{"start":{"line":96,"column":12},"end":{"line":96,"column":54}},"66":{"start":{"line":98,"column":12},"end":{"line":98,"column":119}},"67":{"start":{"line":99,"column":12},"end":{"line":99,"column":26}},"68":{"start":{"line":102,"column":12},"end":{"line":102,"column":67}},"69":{"start":{"line":103,"column":12},"end":{"line":103,"column":70}},"70":{"start":{"line":104,"column":12},"end":{"line":104,"column":24}},"71":{"start":{"line":111,"column":8},"end":{"line":118,"column":9}},"72":{"start":{"line":112,"column":28},"end":{"line":112,"column":69}},"73":{"start":{"line":113,"column":12},"end":{"line":113,"column":67}},"74":{"start":{"line":116,"column":12},"end":{"line":116,"column":70}},"75":{"start":{"line":117,"column":12},"end":{"line":117,"column":22}},"76":{"start":{"line":121,"column":0},"end":{"line":121,"column":38}}},"fnMap":{"0":{"name":"(anonymous_0)","decl":{"start":{"line":2,"column":74},"end":{"line":2,"column":75}},"loc":{"start":{"line":2,"column":96},"end":{"line":9,"column":1}},"line":2},"1":{"name":"(anonymous_1)","decl":{"start":{"line":6,"column":38},"end":{"line":6,"column":39}},"loc":{"start":{"line":6,"column":49},"end":{"line":6,"column":65}},"line":6},"2":{"name":"(anonymous_2)","decl":{"start":{"line":9,"column":6},"end":{"line":9,"column":7}},"loc":{"start":{"line":9,"column":28},"end":{"line":12,"column":1}},"line":9},"3":{"name":"(anonymous_3)","decl":{"start":{"line":13,"column":80},"end":{"line":13,"column":81}},"loc":{"start":{"line":13,"column":95},"end":{"line":15,"column":1}},"line":13},"4":{"name":"(anonymous_4)","decl":{"start":{"line":15,"column":5},"end":{"line":15,"column":6}},"loc":{"start":{"line":15,"column":20},"end":{"line":17,"column":1}},"line":15},"5":{"name":"(anonymous_5)","decl":{"start":{"line":18,"column":51},"end":{"line":18,"column":52}},"loc":{"start":{"line":18,"column":63},"end":{"line":34,"column":1}},"line":18},"6":{"name":"(anonymous_6)","decl":{"start":{"line":19,"column":18},"end":{"line":19,"column":19}},"loc":{"start":{"line":19,"column":30},"end":{"line":26,"column":5}},"line":19},"7":{"name":"(anonymous_7)","decl":{"start":{"line":20,"column":48},"end":{"line":20,"column":49}},"loc":{"start":{"line":20,"column":61},"end":{"line":24,"column":9}},"line":20},"8":{"name":"(anonymous_8)","decl":{"start":{"line":27,"column":11},"end":{"line":27,"column":12}},"loc":{"start":{"line":27,"column":26},"end":{"line":33,"column":5}},"line":27},"9":{"name":"(anonymous_9)","decl":{"start":{"line":46,"column":4},"end":{"line":46,"column":5}},"loc":{"start":{"line":46,"column":31},"end":{"line":49,"column":5}},"line":46},"10":{"name":"(anonymous_10)","decl":{"start":{"line":53,"column":4},"end":{"line":53,"column":5}},"loc":{"start":{"line":53,"column":31},"end":{"line":106,"column":5}},"line":53},"11":{"name":"(anonymous_11)","decl":{"start":{"line":110,"column":4},"end":{"line":110,"column":5}},"loc":{"start":{"line":110,"column":30},"end":{"line":119,"column":5}},"line":110}},"branchMap":{"0":{"loc":{"start":{"line":2,"column":22},"end":{"line":12,"column":3}},"type":"binary-expr","locations":[{"start":{"line":2,"column":23},"end":{"line":2,"column":27}},{"start":{"line":2,"column":31},"end":{"line":2,"column":51}},{"start":{"line":2,"column":57},"end":{"line":12,"column":2}}],"line":2},"1":{"loc":{"start":{"line":2,"column":57},"end":{"line":12,"column":2}},"type":"cond-expr","locations":[{"start":{"line":2,"column":74},"end":{"line":9,"column":1}},{"start":{"line":9,"column":6},"end":{"line":12,"column":1}}],"line":2},"2":{"loc":{"start":{"line":3,"column":4},"end":{"line":3,"column":33}},"type":"if","locations":[{"start":{"line":3,"column":4},"end":{"line":3,"column":33}},{"start":{},"end":{}}],"line":3},"3":{"loc":{"start":{"line":5,"column":4},"end":{"line":7,"column":5}},"type":"if","locations":[{"start":{"line":5,"column":4},"end":{"line":7,"column":5}},{"start":{},"end":{}}],"line":5},"4":{"loc":{"start":{"line":5,"column":8},"end":{"line":5,"column":85}},"type":"binary-expr","locations":[{"start":{"line":5,"column":8},"end":{"line":5,"column":13}},{"start":{"line":5,"column":18},"end":{"line":5,"column":84}}],"line":5},"5":{"loc":{"start":{"line":5,"column":18},"end":{"line":5,"column":84}},"type":"cond-expr","locations":[{"start":{"line":5,"column":34},"end":{"line":5,"column":47}},{"start":{"line":5,"column":50},"end":{"line":5,"column":84}}],"line":5},"6":{"loc":{"start":{"line":5,"column":50},"end":{"line":5,"column":84}},"type":"binary-expr","locations":[{"start":{"line":5,"column":50},"end":{"line":5,"column":63}},{"start":{"line":5,"column":67},"end":{"line":5,"column":84}}],"line":5},"7":{"loc":{"start":{"line":10,"column":4},"end":{"line":10,"column":33}},"type":"if","locations":[{"start":{"line":10,"column":4},"end":{"line":10,"column":33}},{"start":{},"end":{}}],"line":10},"8":{"loc":{"start":{"line":13,"column":25},"end":{"line":17,"column":2}},"type":"binary-expr","locations":[{"start":{"line":13,"column":26},"end":{"line":13,"column":30}},{"start":{"line":13,"column":34},"end":{"line":13,"column":57}},{"start":{"line":13,"column":63},"end":{"line":17,"column":1}}],"line":13},"9":{"loc":{"start":{"line":13,"column":63},"end":{"line":17,"column":1}},"type":"cond-expr","locations":[{"start":{"line":13,"column":80},"end":{"line":15,"column":1}},{"start":{"line":15,"column":5},"end":{"line":17,"column":1}}],"line":13},"10":{"loc":{"start":{"line":18,"column":19},"end":{"line":34,"column":4}},"type":"binary-expr","locations":[{"start":{"line":18,"column":20},"end":{"line":18,"column":24}},{"start":{"line":18,"column":28},"end":{"line":18,"column":45}},{"start":{"line":18,"column":50},"end":{"line":34,"column":4}}],"line":18},"11":{"loc":{"start":{"line":20,"column":18},"end":{"line":24,"column":9}},"type":"binary-expr","locations":[{"start":{"line":20,"column":18},"end":{"line":20,"column":44}},{"start":{"line":20,"column":48},"end":{"line":24,"column":9}}],"line":20},"12":{"loc":{"start":{"line":22,"column":29},"end":{"line":22,"column":95}},"type":"if","locations":[{"start":{"line":22,"column":29},"end":{"line":22,"column":95}},{"start":{},"end":{}}],"line":22},"13":{"loc":{"start":{"line":28,"column":8},"end":{"line":28,"column":46}},"type":"if","locations":[{"start":{"line":28,"column":8},"end":{"line":28,"column":46}},{"start":{},"end":{}}],"line":28},"14":{"loc":{"start":{"line":28,"column":12},"end":{"line":28,"column":33}},"type":"binary-expr","locations":[{"start":{"line":28,"column":12},"end":{"line":28,"column":15}},{"start":{"line":28,"column":19},"end":{"line":28,"column":33}}],"line":28},"15":{"loc":{"start":{"line":30,"column":8},"end":{"line":30,"column":137}},"type":"if","locations":[{"start":{"line":30,"column":8},"end":{"line":30,"column":137}},{"start":{},"end":{}}],"line":30},"16":{"loc":{"start":{"line":30,"column":78},"end":{"line":30,"column":137}},"type":"if","locations":[{"start":{"line":30,"column":78},"end":{"line":30,"column":137}},{"start":{},"end":{}}],"line":30},"17":{"loc":{"start":{"line":69,"column":12},"end":{"line":72,"column":13}},"type":"if","locations":[{"start":{"line":69,"column":12},"end":{"line":72,"column":13}},{"start":{},"end":{}}],"line":69},"18":{"loc":{"start":{"line":79,"column":20},"end":{"line":81,"column":21}},"type":"if","locations":[{"start":{"line":79,"column":20},"end":{"line":81,"column":21}},{"start":{},"end":{}}],"line":79}},"s":{"0":1,"1":3,"2":3,"3":3,"4":3,"5":3,"6":0,"7":3,"8":0,"9":0,"10":0,"11":1,"12":1,"13":0,"14":1,"15":1,"16":1,"17":0,"18":0,"19":0,"20":0,"21":0,"22":1,"23":1,"24":1,"25":0,"26":1,"27":1,"28":1,"29":1,"30":1,"31":3,"32":3,"33":1,"34":1,"35":1,"36":1,"37":1,"38":1,"39":1,"40":20,"41":20,"42":0,"43":0,"44":0,"45":0,"46":0,"47":0,"48":0,"49":0,"50":0,"51":0,"52":0,"53":0,"54":0,"55":0,"56":0,"57":0,"58":0,"59":0,"60":0,"61":0,"62":0,"63":0,"64":0,"65":0,"66":0,"67":0,"68":0,"69":0,"70":0,"71":0,"72":0,"73":0,"74":0,"75":0,"76":1},"f":{"0":3,"1":0,"2":0,"3":1,"4":0,"5":1,"6":1,"7":0,"8":1,"9":20,"10":0,"11":0},"b":{"0":[1,1,1],"1":[1,0],"2":[3,0],"3":[3,0],"4":[3,3],"5":[0,3],"6":[3,0],"7":[0,0],"8":[1,1,1],"9":[1,0],"10":[1,1,1],"11":[1,0],"12":[0,0],"13":[0,1],"14":[1,1],"15":[1,0],"16":[3,0],"17":[0,0],"18":[0,0]},"inputSourceMap":{"version":3,"file":"ParserService.js","sourceRoot":"","sources":["../../src/services/ParserService.ts"],"names":[],"mappings":";;;;;;;;;;;;;;;;;;;;;;;;;;;;;;;;;;;;AAAA,+CAAiC;AACjC,wDAAqD;AACrD,wDAAqD;AAGrD;;GAEG;AACH,MAAa,aAAa;IACd,WAAW,CAAc;IACzB,WAAW,CAAc;IAEjC,YAAY,aAAqB;QAC7B,IAAI,CAAC,WAAW,GAAG,IAAI,yBAAW,CAAC,aAAa,CAAC,CAAC;QAClD,IAAI,CAAC,WAAW,GAAG,IAAI,yBAAW,EAAE,CAAC;IACzC,CAAC;IAED;;OAEG;IACH,KAAK,CAAC,kBAAkB;QACpB,MAAM,MAAM,GAAe;YACvB,MAAM,EAAE,EAAE;YACV,UAAU,EAAE,CAAC;YACb,WAAW,EAAE,CAAC;YACd,MAAM,EAAE,EAAE;SACb,CAAC;QAEF,IAAI,CAAC;YACD,OAAO,CAAC,GAAG,CAAC,mCAAmC,CAAC,CAAC;YACjD,OAAO,CAAC,GAAG,CAAC,oBAAoB,EAAE,IAAI,CAAC,WAAW,CAAC,CAAC;YAEpD,sCAAsC;YACtC,OAAO,CAAC,GAAG,CAAC,gCAAgC,CAAC,CAAC;YAC9C,MAAM,UAAU,GAAG,MAAM,IAAI,CAAC,WAAW,CAAC,mBAAmB,EAAE,CAAC;YAEhE,OAAO,CAAC,GAAG,CAAC,gCAAgC,EAAE,UAAU,CAAC,MAAM,CAAC,CAAC;YACjE,OAAO,CAAC,GAAG,CAAC,gBAAgB,EAAE,UAAU,CAAC,CAAC;YAE1C,MAAM,CAAC,UAAU,GAAG,UAAU,CAAC,MAAM,CAAC;YAGtC,IAAI,UAAU,CAAC,MAAM,KAAK,CAAC,EAAE,CAAC;gBAC1B,MAAM,CAAC,MAAM,CAAC,kBAAkB,CAAC,sCAAsC,CAAC,CAAC;gBACzE,OAAO,MAAM,CAAC;YAClB,CAAC;YAED,0BAA0B;YAC1B,OAAO,CAAC,GAAG,CAAC,cAAc,UAAU,CAAC,MAAM,WAAW,CAAC,CAAC;YAExD,KAAK,MAAM,QAAQ,IAAI,UAAU,EAAE,CAAC;gBAChC,IAAI,CAAC;oBACD,MAAM,OAAO,GAAG,MAAM,IAAI,CAAC,WAAW,CAAC,QAAQ,CAAC,QAAQ,CAAC,CAAC;oBAE1D,uCAAuC;oBACvC,IAAI,CAAC,IAAI,CAAC,WAAW,CAAC,YAAY,CAAC,OAAO,CAAC,EAAE,CAAC;wBAC1C,SAAS;oBACb,CAAC;oBAED,eAAe;oBACf,MAAM,MAAM,GAAG,IAAI,CAAC,WAAW,CAAC,WAAW,CAAC,OAAO,EAAE,QAAQ,CAAC,CAAC;oBAC/D,MAAM,CAAC,MAAM,CAAC,IAAI,CAAC,GAAG,MAAM,CAAC,CAAC;gBAElC,CAAC;gBAAC,OAAO,KAAK,EAAE,CAAC;oBACb,MAAM,SAAS,GAAc;wBACzB,QAAQ,EAAE,QAAQ;wBAClB,OAAO,EAAE,yBAAyB,KAAK,EAAE;wBACzC,KAAK,EAAE,KAAc;qBACxB,CAAC;oBACF,MAAM,CAAC,MAAM,CAAC,IAAI,CAAC,SAAS,CAAC,CAAC;oBAC9B,OAAO,CAAC,KAAK,CAAC,mBAAmB,QAAQ,GAAG,EAAE,KAAK,CAAC,CAAC;gBACzD,CAAC;YACL,CAAC;YAED,MAAM,CAAC,WAAW,GAAG,MAAM,CAAC,MAAM,CAAC,MAAM,CAAC;YAE1C,eAAe;YACf,MAAM,CAAC,MAAM,CAAC,sBAAsB,CAChC,WAAW,MAAM,CAAC,WAAW,cAAc,MAAM,CAAC,UAAU,QAAQ,CACvE,CAAC;YAEF,OAAO,MAAM,CAAC;QAElB,CAAC;QAAC,OAAO,KAAK,EAAE,CAAC;YACb,OAAO,CAAC,KAAK,CAAC,gCAAgC,EAAE,KAAK,CAAC,CAAC;YACvD,MAAM,CAAC,MAAM,CAAC,gBAAgB,CAAC,yBAAyB,CAAC,CAAC;YAC1D,MAAM,KAAK,CAAC;QAChB,CAAC;IACL,CAAC;IAED;;OAEG;IACH,KAAK,CAAC,SAAS,CAAC,QAAgB;QAC5B,IAAI,CAAC;YACD,MAAM,OAAO,GAAG,MAAM,IAAI,CAAC,WAAW,CAAC,QAAQ,CAAC,QAAQ,CAAC,CAAC;YAC1D,OAAO,IAAI,CAAC,WAAW,CAAC,WAAW,CAAC,OAAO,EAAE,QAAQ,CAAC,CAAC;QAC3D,CAAC;QAAC,OAAO,KAAK,EAAE,CAAC;YACb,OAAO,CAAC,KAAK,CAAC,wBAAwB,QAAQ,GAAG,EAAE,KAAK,CAAC,CAAC;YAC1D,OAAO,EAAE,CAAC;QACd,CAAC;IACL,CAAC;CACJ;AA9FD,sCA8FC"},"_coverageSchema":"1a1c01bbd47fc00a2c39e90264f33305004495a9","hash":"d632f4edb0cd3728ed1de68cfdb6842236580079","contentHash":"019572404457be9b22e2ce4bd4dc8756f1c13043f25c8fc9cdd3491c7c056e95"},"/Users/alfianwinarso/Documents/rest-api-doc-generator/rest-api-doc-generator/out/parsers/FileScanner.js":{"path":"/Users/alfianwinarso/Documents/rest-api-doc-generator/rest-api-doc-generator/out/parsers/FileScanner.js","statementMap":{"0":{"start":{"line":2,"column":22},"end":{"line":12,"column":3}},"1":{"start":{"line":3,"column":4},"end":{"line":3,"column":33}},"2":{"start":{"line":3,"column":26},"end":{"line":3,"column":33}},"3":{"start":{"line":4,"column":15},"end":{"line":4,"column":52}},"4":{"start":{"line":5,"column":4},"end":{"line":7,"column":5}},"5":{"start":{"line":6,"column":6},"end":{"line":6,"column":68}},"6":{"start":{"line":6,"column":51},"end":{"line":6,"column":63}},"7":{"start":{"line":8,"column":4},"end":{"line":8,"column":39}},"8":{"start":{"line":10,"column":4},"end":{"line":10,"column":33}},"9":{"start":{"line":10,"column":26},"end":{"line":10,"column":33}},"10":{"start":{"line":11,"column":4},"end":{"line":11,"column":17}},"11":{"start":{"line":13,"column":25},"end":{"line":17,"column":2}},"12":{"start":{"line":14,"column":4},"end":{"line":14,"column":72}},"13":{"start":{"line":16,"column":4},"end":{"line":16,"column":21}},"14":{"start":{"line":18,"column":19},"end":{"line":34,"column":4}},"15":{"start":{"line":19,"column":18},"end":{"line":26,"column":5}},"16":{"start":{"line":20,"column":8},"end":{"line":24,"column":10}},"17":{"start":{"line":21,"column":21},"end":{"line":21,"column":23}},"18":{"start":{"line":22,"column":12},"end":{"line":22,"column":95}},"19":{"start":{"line":22,"column":29},"end":{"line":22,"column":95}},"20":{"start":{"line":22,"column":77},"end":{"line":22,"column":95}},"21":{"start":{"line":23,"column":12},"end":{"line":23,"column":22}},"22":{"start":{"line":25,"column":8},"end":{"line":25,"column":26}},"23":{"start":{"line":27,"column":4},"end":{"line":33,"column":6}},"24":{"start":{"line":28,"column":8},"end":{"line":28,"column":46}},"25":{"start":{"line":28,"column":35},"end":{"line":28,"column":46}},"26":{"start":{"line":29,"column":21},"end":{"line":29,"column":23}},"27":{"start":{"line":30,"column":8},"end":{"line":30,"column":137}},"28":{"start":{"line":30,"column":25},"end":{"line":30,"column":137}},"29":{"start":{"line":30,"column":38},"end":{"line":30,"column":50}},"30":{"start":{"line":30,"column":56},"end":{"line":30,"column":57}},"31":{"start":{"line":30,"column":78},"end":{"line":30,"column":137}},"32":{"start":{"line":30,"column":102},"end":{"line":30,"column":137}},"33":{"start":{"line":31,"column":8},"end":{"line":31,"column":40}},"34":{"start":{"line":32,"column":8},"end":{"line":32,"column":22}},"35":{"start":{"line":35,"column":0},"end":{"line":35,"column":62}},"36":{"start":{"line":36,"column":0},"end":{"line":36,"column":29}},"37":{"start":{"line":37,"column":15},"end":{"line":37,"column":46}},"38":{"start":{"line":38,"column":13},"end":{"line":38,"column":42}},"39":{"start":{"line":39,"column":11},"end":{"line":39,"column":38}},"40":{"start":{"line":46,"column":8},"end":{"line":46,"column":43}},"41":{"start":{"line":52,"column":27},"end":{"line":52,"column":29}},"42":{"start":{"line":53,"column":8},"end":{"line":53,"column":76}},"43":{"start":{"line":55,"column":30},"end":{"line":66,"column":9}},"44":{"start":{"line":67,"column":8},"end":{"line":81,"column":9}},"45":{"start":{"line":68,"column":12},"end":{"line":73,"column":13}},"46":{"start":{"line":69,"column":16},"end":{"line":69,"column":64}},"47":{"start":{"line":70,"column":30},"end":{"line":70,"column":93}},"48":{"start":{"line":71,"column":16},"end":{"line":71,"column":86}},"49":{"start":{"line":72,"column":16},"end":{"line":72,"column":65}},"50":{"start":{"line":72,"column":52},"end":{"line":72,"column":62}},"51":{"start":{"line":74,"column":12},"end":{"line":74,"column":75}},"52":{"start":{"line":75,"column":12},"end":{"line":75,"column":49}},"53":{"start":{"line":76,"column":12},"end":{"line":76,"column":44}},"54":{"start":{"line":79,"column":12},"end":{"line":79,"column":71}},"55":{"start":{"line":80,"column":12},"end":{"line":80,"column":24}},"56":{"start":{"line":87,"column":8},"end":{"line":94,"column":9}},"57":{"start":{"line":88,"column":28},"end":{"line":88,"column":73}},"58":{"start":{"line":89,"column":12},"end":{"line":89,"column":27}},"59":{"start":{"line":92,"column":12},"end":{"line":92,"column":70}},"60":{"start":{"line":93,"column":12},"end":{"line":93,"column":24}},"61":{"start":{"line":101,"column":25},"end":{"line":107,"column":9}},"62":{"start":{"line":108,"column":8},"end":{"line":108,"column":63}},"63":{"start":{"line":108,"column":40},"end":{"line":108,"column":61}},"64":{"start":{"line":114,"column":8},"end":{"line":114,"column":59}},"65":{"start":{"line":117,"column":0},"end":{"line":117,"column":34}}},"fnMap":{"0":{"name":"(anonymous_0)","decl":{"start":{"line":2,"column":74},"end":{"line":2,"column":75}},"loc":{"start":{"line":2,"column":96},"end":{"line":9,"column":1}},"line":2},"1":{"name":"(anonymous_1)","decl":{"start":{"line":6,"column":38},"end":{"line":6,"column":39}},"loc":{"start":{"line":6,"column":49},"end":{"line":6,"column":65}},"line":6},"2":{"name":"(anonymous_2)","decl":{"start":{"line":9,"column":6},"end":{"line":9,"column":7}},"loc":{"start":{"line":9,"column":28},"end":{"line":12,"column":1}},"line":9},"3":{"name":"(anonymous_3)","decl":{"start":{"line":13,"column":80},"end":{"line":13,"column":81}},"loc":{"start":{"line":13,"column":95},"end":{"line":15,"column":1}},"line":13},"4":{"name":"(anonymous_4)","decl":{"start":{"line":15,"column":5},"end":{"line":15,"column":6}},"loc":{"start":{"line":15,"column":20},"end":{"line":17,"column":1}},"line":15},"5":{"name":"(anonymous_5)","decl":{"start":{"line":18,"column":51},"end":{"line":18,"column":52}},"loc":{"start":{"line":18,"column":63},"end":{"line":34,"column":1}},"line":18},"6":{"name":"(anonymous_6)","decl":{"start":{"line":19,"column":18},"end":{"line":19,"column":19}},"loc":{"start":{"line":19,"column":30},"end":{"line":26,"column":5}},"line":19},"7":{"name":"(anonymous_7)","decl":{"start":{"line":20,"column":48},"end":{"line":20,"column":49}},"loc":{"start":{"line":20,"column":61},"end":{"line":24,"column":9}},"line":20},"8":{"name":"(anonymous_8)","decl":{"start":{"line":27,"column":11},"end":{"line":27,"column":12}},"loc":{"start":{"line":27,"column":26},"end":{"line":33,"column":5}},"line":27},"9":{"name":"(anonymous_9)","decl":{"start":{"line":45,"column":4},"end":{"line":45,"column":5}},"loc":{"start":{"line":45,"column":31},"end":{"line":47,"column":5}},"line":45},"10":{"name":"(anonymous_10)","decl":{"start":{"line":51,"column":4},"end":{"line":51,"column":5}},"loc":{"start":{"line":51,"column":32},"end":{"line":82,"column":5}},"line":51},"11":{"name":"(anonymous_11)","decl":{"start":{"line":72,"column":45},"end":{"line":72,"column":46}},"loc":{"start":{"line":72,"column":52},"end":{"line":72,"column":62}},"line":72},"12":{"name":"(anonymous_12)","decl":{"start":{"line":86,"column":4},"end":{"line":86,"column":5}},"loc":{"start":{"line":86,"column":29},"end":{"line":95,"column":5}},"line":86},"13":{"name":"(anonymous_13)","decl":{"start":{"line":99,"column":4},"end":{"line":99,"column":5}},"loc":{"start":{"line":99,"column":26},"end":{"line":109,"column":5}},"line":99},"14":{"name":"(anonymous_14)","decl":{"start":{"line":108,"column":29},"end":{"line":108,"column":30}},"loc":{"start":{"line":108,"column":40},"end":{"line":108,"column":61}},"line":108},"15":{"name":"(anonymous_15)","decl":{"start":{"line":113,"column":4},"end":{"line":113,"column":5}},"loc":{"start":{"line":113,"column":30},"end":{"line":115,"column":5}},"line":113}},"branchMap":{"0":{"loc":{"start":{"line":2,"column":22},"end":{"line":12,"column":3}},"type":"binary-expr","locations":[{"start":{"line":2,"column":23},"end":{"line":2,"column":27}},{"start":{"line":2,"column":31},"end":{"line":2,"column":51}},{"start":{"line":2,"column":57},"end":{"line":12,"column":2}}],"line":2},"1":{"loc":{"start":{"line":2,"column":57},"end":{"line":12,"column":2}},"type":"cond-expr","locations":[{"start":{"line":2,"column":74},"end":{"line":9,"column":1}},{"start":{"line":9,"column":6},"end":{"line":12,"column":1}}],"line":2},"2":{"loc":{"start":{"line":3,"column":4},"end":{"line":3,"column":33}},"type":"if","locations":[{"start":{"line":3,"column":4},"end":{"line":3,"column":33}},{"start":{},"end":{}}],"line":3},"3":{"loc":{"start":{"line":5,"column":4},"end":{"line":7,"column":5}},"type":"if","locations":[{"start":{"line":5,"column":4},"end":{"line":7,"column":5}},{"start":{},"end":{}}],"line":5},"4":{"loc":{"start":{"line":5,"column":8},"end":{"line":5,"column":85}},"type":"binary-expr","locations":[{"start":{"line":5,"column":8},"end":{"line":5,"column":13}},{"start":{"line":5,"column":18},"end":{"line":5,"column":84}}],"line":5},"5":{"loc":{"start":{"line":5,"column":18},"end":{"line":5,"column":84}},"type":"cond-expr","locations":[{"start":{"line":5,"column":34},"end":{"line":5,"column":47}},{"start":{"line":5,"column":50},"end":{"line":5,"column":84}}],"line":5},"6":{"loc":{"start":{"line":5,"column":50},"end":{"line":5,"column":84}},"type":"binary-expr","locations":[{"start":{"line":5,"column":50},"end":{"line":5,"column":63}},{"start":{"line":5,"column":67},"end":{"line":5,"column":84}}],"line":5},"7":{"loc":{"start":{"line":10,"column":4},"end":{"line":10,"column":33}},"type":"if","locations":[{"start":{"line":10,"column":4},"end":{"line":10,"column":33}},{"start":{},"end":{}}],"line":10},"8":{"loc":{"start":{"line":13,"column":25},"end":{"line":17,"column":2}},"type":"binary-expr","locations":[{"start":{"line":13,"column":26},"end":{"line":13,"column":30}},{"start":{"line":13,"column":34},"end":{"line":13,"column":57}},{"start":{"line":13,"column":63},"end":{"line":17,"column":1}}],"line":13},"9":{"loc":{"start":{"line":13,"column":63},"end":{"line":17,"column":1}},"type":"cond-expr","locations":[{"start":{"line":13,"column":80},"end":{"line":15,"column":1}},{"start":{"line":15,"column":5},"end":{"line":17,"column":1}}],"line":13},"10":{"loc":{"start":{"line":18,"column":19},"end":{"line":34,"column":4}},"type":"binary-expr","locations":[{"start":{"line":18,"column":20},"end":{"line":18,"column":24}},{"start":{"line":18,"column":28},"end":{"line":18,"column":45}},{"start":{"line":18,"column":50},"end":{"line":34,"column":4}}],"line":18},"11":{"loc":{"start":{"line":20,"column":18},"end":{"line":24,"column":9}},"type":"binary-expr","locations":[{"start":{"line":20,"column":18},"end":{"line":20,"column":44}},{"start":{"line":20,"column":48},"end":{"line":24,"column":9}}],"line":20},"12":{"loc":{"start":{"line":22,"column":29},"end":{"line":22,"column":95}},"type":"if","locations":[{"start":{"line":22,"column":29},"end":{"line":22,"column":95}},{"start":{},"end":{}}],"line":22},"13":{"loc":{"start":{"line":28,"column":8},"end":{"line":28,"column":46}},"type":"if","locations":[{"start":{"line":28,"column":8},"end":{"line":28,"column":46}},{"start":{},"end":{}}],"line":28},"14":{"loc":{"start":{"line":28,"column":12},"end":{"line":28,"column":33}},"type":"binary-expr","locations":[{"start":{"line":28,"column":12},"end":{"line":28,"column":15}},{"start":{"line":28,"column":19},"end":{"line":28,"column":33}}],"line":28},"15":{"loc":{"start":{"line":30,"column":8},"end":{"line":30,"column":137}},"type":"if","locations":[{"start":{"line":30,"column":8},"end":{"line":30,"column":137}},{"start":{},"end":{}}],"line":30},"16":{"loc":{"start":{"line":30,"column":78},"end":{"line":30,"column":137}},"type":"if","locations":[{"start":{"line":30,"column":78},"end":{"line":30,"column":137}},{"start":{},"end":{}}],"line":30}},"s":{"0":1,"1":124,"2":124,"3":124,"4":124,"5":119,"6":0,"7":124,"8":0,"9":0,"10":0,"11":1,"12":3,"13":0,"14":1,"15":1,"16":1,"17":0,"18":0,"19":0,"20":0,"21":0,"22":1,"23":1,"24":3,"25":0,"26":3,"27":3,"28":3,"29":3,"30":3,"31":124,"32":124,"33":3,"34":3,"35":1,"36":1,"37":1,"38":1,"39":1,"40":20,"41":0,"42":0,"43":0,"44":0,"45":0,"46":0,"47":0,"48":0,"49":0,"50":0,"51":0,"52":0,"53":0,"54":0,"55":0,"56":0,"57":0,"58":0,"59":0,"60":0,"61":0,"62":0,"63":0,"64":0,"65":1},"f":{"0":124,"1":0,"2":0,"3":3,"4":0,"5":1,"6":1,"7":0,"8":3,"9":20,"10":0,"11":0,"12":0,"13":0,"14":0,"15":0},"b":{"0":[1,1,1],"1":[1,0],"2":[124,0],"3":[119,5],"4":[124,124],"5":[5,119],"6":[119,5],"7":[0,0],"8":[1,1,1],"9":[1,0],"10":[1,1,1],"11":[1,0],"12":[0,0],"13":[0,3],"14":[3,3],"15":[3,0],"16":[124,0]},"inputSourceMap":{"version":3,"file":"FileScanner.js","sourceRoot":"","sources":["../../src/parsers/FileScanner.ts"],"names":[],"mappings":";;;;;;;;;;;;;;;;;;;;;;;;;;;;;;;;;;;;AAAA,+CAAiC;AACjC,2CAA6B;AAC7B,uCAAyB;AAEzB;;GAEG;AACH,MAAa,WAAW;IACZ,aAAa,CAAS;IAE9B,YAAY,aAAqB;QAC7B,IAAI,CAAC,aAAa,GAAG,aAAa,CAAC;IACvC,CAAC;IAED;;OAEG;IACH,KAAK,CAAC,mBAAmB;QACzB,MAAM,UAAU,GAAa,EAAE,CAAC;QAEhC,OAAO,CAAC,GAAG,CAAC,kCAAkC,EAAE,IAAI,CAAC,aAAa,CAAC,CAAC;QAEpE,sCAAsC;QACtC,MAAM,aAAa,GAAG;YAClB,gBAAgB;YAChB,gBAAgB;YAChB,oBAAoB;YACpB,oBAAoB;YACpB,oBAAoB;YACpB,oBAAoB;YACpB,uBAAuB;YACvB,uBAAuB;YACvB,uCAAuC,EAAG,gBAAgB;YAC1D,uCAAuC,EAAG,gBAAgB;SAC7D,CAAC;QAEF,IAAI,CAAC;YACD,KAAK,MAAM,OAAO,IAAI,aAAa,EAAE,CAAC;gBAClC,OAAO,CAAC,GAAG,CAAC,yBAAyB,OAAO,EAAE,CAAC,CAAC;gBAEhD,MAAM,KAAK,GAAG,MAAM,MAAM,CAAC,SAAS,CAAC,SAAS,CAC1C,OAAO,EACP,oBAAoB,CACvB,CAAC;gBAEF,OAAO,CAAC,GAAG,CAAC,YAAY,KAAK,CAAC,MAAM,uBAAuB,OAAO,EAAE,CAAC,CAAC;gBAEtE,UAAU,CAAC,IAAI,CAAC,GAAG,KAAK,CAAC,GAAG,CAAC,GAAG,CAAC,EAAE,CAAC,GAAG,CAAC,MAAM,CAAC,CAAC,CAAC;YACrD,CAAC;YAED,OAAO,CAAC,GAAG,CAAC,kBAAkB,UAAU,CAAC,MAAM,cAAc,CAAC,CAAC;YAC/D,OAAO,CAAC,GAAG,CAAC,WAAW,EAAE,UAAU,CAAC,CAAC;YAErC,OAAO,CAAC,GAAG,IAAI,GAAG,CAAC,UAAU,CAAC,CAAC,CAAC,CAAC,oBAAoB;QACrD,CAAC;QAAC,OAAO,KAAK,EAAE,CAAC;YACb,OAAO,CAAC,KAAK,CAAC,oCAAoC,EAAE,KAAK,CAAC,CAAC;YAC3D,MAAM,KAAK,CAAC;QAChB,CAAC;IACL,CAAC;IAGD;;OAEG;IACH,KAAK,CAAC,QAAQ,CAAC,QAAgB;QAC3B,IAAI,CAAC;YACD,MAAM,OAAO,GAAG,MAAM,EAAE,CAAC,QAAQ,CAAC,QAAQ,CAAC,QAAQ,EAAE,OAAO,CAAC,CAAC;YAC9D,OAAO,OAAO,CAAC;QACnB,CAAC;QAAC,OAAO,KAAK,EAAE,CAAC;YACb,OAAO,CAAC,KAAK,CAAC,wBAAwB,QAAQ,GAAG,EAAE,KAAK,CAAC,CAAC;YAC1D,MAAM,KAAK,CAAC;QAChB,CAAC;IACL,CAAC;IAED;;OAEG;IACH,YAAY,CAAC,OAAe;QACxB,oCAAoC;QACpC,MAAM,QAAQ,GAAG;YACb,qBAAqB;YACrB,sCAAsC;YACtC,mCAAmC;YACnC,4BAA4B;YAC5B,sBAAsB;SACzB,CAAC;QAEF,OAAO,QAAQ,CAAC,IAAI,CAAC,OAAO,CAAC,EAAE,CAAC,OAAO,CAAC,IAAI,CAAC,OAAO,CAAC,CAAC,CAAC;IAC3D,CAAC;IAED;;OAEG;IACH,eAAe,CAAC,QAAgB;QAC5B,OAAO,IAAI,CAAC,QAAQ,CAAC,IAAI,CAAC,aAAa,EAAE,QAAQ,CAAC,CAAC;IACvD,CAAC;CACJ;AAzFD,kCAyFC"},"_coverageSchema":"1a1c01bbd47fc00a2c39e90264f33305004495a9","hash":"302f48501d316888a53ca4f916c3579f74163823","contentHash":"1c2ac3aea9e473367d7b097ce5dbf6966e20463b7dfc50da539bb952887b54d4"},"/Users/alfianwinarso/Documents/rest-api-doc-generator/rest-api-doc-generator/out/parsers/RouteParser.js":{"path":"/Users/alfianwinarso/Documents/rest-api-doc-generator/rest-api-doc-generator/out/parsers/RouteParser.js","statementMap":{"0":{"start":{"line":2,"column":22},"end":{"line":12,"column":3}},"1":{"start":{"line":3,"column":4},"end":{"line":3,"column":33}},"2":{"start":{"line":3,"column":26},"end":{"line":3,"column":33}},"3":{"start":{"line":4,"column":15},"end":{"line":4,"column":52}},"4":{"start":{"line":5,"column":4},"end":{"line":7,"column":5}},"5":{"start":{"line":6,"column":6},"end":{"line":6,"column":68}},"6":{"start":{"line":6,"column":51},"end":{"line":6,"column":63}},"7":{"start":{"line":8,"column":4},"end":{"line":8,"column":39}},"8":{"start":{"line":10,"column":4},"end":{"line":10,"column":33}},"9":{"start":{"line":10,"column":26},"end":{"line":10,"column":33}},"10":{"start":{"line":11,"column":4},"end":{"line":11,"column":17}},"11":{"start":{"line":13,"column":25},"end":{"line":17,"column":2}},"12":{"start":{"line":14,"column":4},"end":{"line":14,"column":72}},"13":{"start":{"line":16,"column":4},"end":{"line":16,"column":21}},"14":{"start":{"line":18,"column":19},"end":{"line":34,"column":4}},"15":{"start":{"line":19,"column":18},"end":{"line":26,"column":5}},"16":{"start":{"line":20,"column":8},"end":{"line":24,"column":10}},"17":{"start":{"line":21,"column":21},"end":{"line":21,"column":23}},"18":{"start":{"line":22,"column":12},"end":{"line":22,"column":95}},"19":{"start":{"line":22,"column":29},"end":{"line":22,"column":95}},"20":{"start":{"line":22,"column":77},"end":{"line":22,"column":95}},"21":{"start":{"line":23,"column":12},"end":{"line":23,"column":22}},"22":{"start":{"line":25,"column":8},"end":{"line":25,"column":26}},"23":{"start":{"line":27,"column":4},"end":{"line":33,"column":6}},"24":{"start":{"line":28,"column":8},"end":{"line":28,"column":46}},"25":{"start":{"line":28,"column":35},"end":{"line":28,"column":46}},"26":{"start":{"line":29,"column":21},"end":{"line":29,"column":23}},"27":{"start":{"line":30,"column":8},"end":{"line":30,"column":137}},"28":{"start":{"line":30,"column":25},"end":{"line":30,"column":137}},"29":{"start":{"line":30,"column":38},"end":{"line":30,"column":50}},"30":{"start":{"line":30,"column":56},"end":{"line":30,"column":57}},"31":{"start":{"line":30,"column":78},"end":{"line":30,"column":137}},"32":{"start":{"line":30,"column":102},"end":{"line":30,"column":137}},"33":{"start":{"line":31,"column":8},"end":{"line":31,"column":40}},"34":{"start":{"line":32,"column":8},"end":{"line":32,"column":22}},"35":{"start":{"line":35,"column":22},"end":{"line":37,"column":1}},"36":{"start":{"line":36,"column":4},"end":{"line":36,"column":62}},"37":{"start":{"line":38,"column":0},"end":{"line":38,"column":62}},"38":{"start":{"line":39,"column":0},"end":{"line":39,"column":29}},"39":{"start":{"line":40,"column":15},"end":{"line":40,"column":53}},"40":{"start":{"line":41,"column":19},"end":{"line":41,"column":62}},"41":{"start":{"line":42,"column":10},"end":{"line":42,"column":47}},"42":{"start":{"line":51,"column":23},"end":{"line":51,"column":25}},"43":{"start":{"line":52,"column":8},"end":{"line":86,"column":9}},"44":{"start":{"line":54,"column":24},"end":{"line":57,"column":14}},"45":{"start":{"line":59,"column":12},"end":{"line":79,"column":15}},"46":{"start":{"line":62,"column":33},"end":{"line":62,"column":42}},"47":{"start":{"line":64,"column":20},"end":{"line":77,"column":21}},"48":{"start":{"line":69,"column":39},"end":{"line":69,"column":78}},"49":{"start":{"line":71,"column":24},"end":{"line":76,"column":25}},"50":{"start":{"line":72,"column":42},"end":{"line":72,"column":87}},"51":{"start":{"line":73,"column":28},"end":{"line":75,"column":29}},"52":{"start":{"line":74,"column":32},"end":{"line":74,"column":51}},"53":{"start":{"line":80,"column":12},"end":{"line":80,"column":77}},"54":{"start":{"line":81,"column":12},"end":{"line":81,"column":26}},"55":{"start":{"line":84,"column":12},"end":{"line":84,"column":65}},"56":{"start":{"line":85,"column":12},"end":{"line":85,"column":22}},"57":{"start":{"line":92,"column":8},"end":{"line":143,"column":9}},"58":{"start":{"line":94,"column":28},"end":{"line":94,"column":45}},"59":{"start":{"line":95,"column":12},"end":{"line":97,"column":13}},"60":{"start":{"line":96,"column":16},"end":{"line":96,"column":28}},"61":{"start":{"line":98,"column":30},"end":{"line":98,"column":43}},"62":{"start":{"line":100,"column":35},"end":{"line":100,"column":72}},"63":{"start":{"line":102,"column":31},"end":{"line":102,"column":72}},"64":{"start":{"line":103,"column":30},"end":{"line":103,"column":41}},"65":{"start":{"line":104,"column":30},"end":{"line":104,"column":32}},"66":{"start":{"line":105,"column":29},"end":{"line":105,"column":31}},"67":{"start":{"line":106,"column":28},"end":{"line":106,"column":30}},"68":{"start":{"line":107,"column":12},"end":{"line":116,"column":13}},"69":{"start":{"line":108,"column":16},"end":{"line":108,"column":46}},"70":{"start":{"line":110,"column":17},"end":{"line":116,"column":13}},"71":{"start":{"line":111,"column":16},"end":{"line":111,"column":48}},"72":{"start":{"line":113,"column":16},"end":{"line":113,"column":70}},"73":{"start":{"line":114,"column":16},"end":{"line":114,"column":68}},"74":{"start":{"line":115,"column":16},"end":{"line":115,"column":65}},"75":{"start":{"line":118,"column":35},"end":{"line":118,"column":62}},"76":{"start":{"line":119,"column":32},"end":{"line":119,"column":71}},"77":{"start":{"line":121,"column":34},"end":{"line":121,"column":84}},"78":{"start":{"line":122,"column":26},"end":{"line":137,"column":13}},"79":{"start":{"line":138,"column":12},"end":{"line":138,"column":25}},"80":{"start":{"line":141,"column":12},"end":{"line":141,"column":67}},"81":{"start":{"line":142,"column":12},"end":{"line":142,"column":24}},"82":{"start":{"line":149,"column":27},"end":{"line":149,"column":29}},"83":{"start":{"line":151,"column":27},"end":{"line":151,"column":58}},"84":{"start":{"line":153,"column":8},"end":{"line":162,"column":9}},"85":{"start":{"line":154,"column":30},"end":{"line":154,"column":38}},"86":{"start":{"line":155,"column":31},"end":{"line":155,"column":53}},"87":{"start":{"line":156,"column":12},"end":{"line":161,"column":15}},"88":{"start":{"line":163,"column":8},"end":{"line":163,"column":26}},"89":{"start":{"line":169,"column":28},"end":{"line":169,"column":30}},"90":{"start":{"line":170,"column":8},"end":{"line":178,"column":9}},"91":{"start":{"line":172,"column":12},"end":{"line":177,"column":13}},"92":{"start":{"line":173,"column":16},"end":{"line":176,"column":19}},"93":{"start":{"line":179,"column":8},"end":{"line":179,"column":27}},"94":{"start":{"line":185,"column":26},"end":{"line":185,"column":44}},"95":{"start":{"line":186,"column":8},"end":{"line":188,"column":9}},"96":{"start":{"line":187,"column":12},"end":{"line":187,"column":26}},"97":{"start":{"line":189,"column":8},"end":{"line":191,"column":9}},"98":{"start":{"line":190,"column":12},"end":{"line":190,"column":32}},"99":{"start":{"line":192,"column":8},"end":{"line":192,"column":24}},"100":{"start":{"line":198,"column":29},"end":{"line":198,"column":89}},"101":{"start":{"line":199,"column":8},"end":{"line":199,"column":45}},"102":{"start":{"line":206,"column":28},"end":{"line":206,"column":30}},"103":{"start":{"line":207,"column":28},"end":{"line":207,"column":37}},"104":{"start":{"line":209,"column":26},"end":{"line":243,"column":9}},"105":{"start":{"line":210,"column":12},"end":{"line":211,"column":23}},"106":{"start":{"line":211,"column":16},"end":{"line":211,"column":23}},"107":{"start":{"line":213,"column":12},"end":{"line":230,"column":13}},"108":{"start":{"line":220,"column":34},"end":{"line":220,"column":52}},"109":{"start":{"line":221,"column":16},"end":{"line":229,"column":17}},"110":{"start":{"line":222,"column":20},"end":{"line":222,"column":47}},"111":{"start":{"line":223,"column":20},"end":{"line":228,"column":23}},"112":{"start":{"line":232,"column":12},"end":{"line":242,"column":13}},"113":{"start":{"line":233,"column":16},"end":{"line":241,"column":17}},"114":{"start":{"line":234,"column":34},"end":{"line":234,"column":43}},"115":{"start":{"line":235,"column":20},"end":{"line":240,"column":21}},"116":{"start":{"line":236,"column":24},"end":{"line":236,"column":49}},"117":{"start":{"line":238,"column":25},"end":{"line":240,"column":21}},"118":{"start":{"line":239,"column":24},"end":{"line":239,"column":41}},"119":{"start":{"line":244,"column":8},"end":{"line":244,"column":31}},"120":{"start":{"line":245,"column":8},"end":{"line":245,"column":27}},"121":{"start":{"line":252,"column":27},"end":{"line":252,"column":29}},"122":{"start":{"line":253,"column":28},"end":{"line":253,"column":37}},"123":{"start":{"line":254,"column":26},"end":{"line":312,"column":9}},"124":{"start":{"line":255,"column":12},"end":{"line":256,"column":23}},"125":{"start":{"line":256,"column":16},"end":{"line":256,"column":23}},"126":{"start":{"line":258,"column":12},"end":{"line":280,"column":13}},"127":{"start":{"line":266,"column":16},"end":{"line":279,"column":19}},"128":{"start":{"line":267,"column":20},"end":{"line":278,"column":21}},"129":{"start":{"line":268,"column":42},"end":{"line":268,"column":55}},"130":{"start":{"line":269,"column":24},"end":{"line":277,"column":25}},"131":{"start":{"line":270,"column":28},"end":{"line":270,"column":55}},"132":{"start":{"line":271,"column":28},"end":{"line":276,"column":31}},"133":{"start":{"line":282,"column":12},"end":{"line":299,"column":13}},"134":{"start":{"line":289,"column":34},"end":{"line":289,"column":52}},"135":{"start":{"line":290,"column":16},"end":{"line":298,"column":17}},"136":{"start":{"line":291,"column":20},"end":{"line":291,"column":47}},"137":{"start":{"line":292,"column":20},"end":{"line":297,"column":23}},"138":{"start":{"line":301,"column":12},"end":{"line":311,"column":13}},"139":{"start":{"line":302,"column":16},"end":{"line":310,"column":17}},"140":{"start":{"line":303,"column":34},"end":{"line":303,"column":43}},"141":{"start":{"line":304,"column":20},"end":{"line":309,"column":21}},"142":{"start":{"line":305,"column":24},"end":{"line":305,"column":49}},"143":{"start":{"line":307,"column":25},"end":{"line":309,"column":21}},"144":{"start":{"line":308,"column":24},"end":{"line":308,"column":41}},"145":{"start":{"line":313,"column":8},"end":{"line":313,"column":31}},"146":{"start":{"line":314,"column":8},"end":{"line":314,"column":26}},"147":{"start":{"line":321,"column":26},"end":{"line":321,"column":28}},"148":{"start":{"line":322,"column":30},"end":{"line":322,"column":39}},"149":{"start":{"line":323,"column":26},"end":{"line":388,"column":9}},"150":{"start":{"line":324,"column":12},"end":{"line":325,"column":23}},"151":{"start":{"line":325,"column":16},"end":{"line":325,"column":23}},"152":{"start":{"line":327,"column":12},"end":{"line":358,"column":13}},"153":{"start":{"line":331,"column":35},"end":{"line":331,"column":53}},"154":{"start":{"line":332,"column":43},"end":{"line":332,"column":70}},"155":{"start":{"line":333,"column":16},"end":{"line":357,"column":17}},"156":{"start":{"line":335,"column":38},"end":{"line":335,"column":63}},"157":{"start":{"line":336,"column":20},"end":{"line":356,"column":21}},"158":{"start":{"line":337,"column":43},"end":{"line":337,"column":58}},"159":{"start":{"line":338,"column":24},"end":{"line":355,"column":25}},"160":{"start":{"line":339,"column":28},"end":{"line":339,"column":58}},"161":{"start":{"line":341,"column":51},"end":{"line":341,"column":71}},"162":{"start":{"line":342,"column":46},"end":{"line":342,"column":64}},"163":{"start":{"line":343,"column":28},"end":{"line":348,"column":29}},"164":{"start":{"line":344,"column":32},"end":{"line":344,"column":65}},"165":{"start":{"line":346,"column":33},"end":{"line":348,"column":29}},"166":{"start":{"line":347,"column":32},"end":{"line":347,"column":59}},"167":{"start":{"line":349,"column":28},"end":{"line":354,"column":31}},"168":{"start":{"line":360,"column":12},"end":{"line":375,"column":13}},"169":{"start":{"line":365,"column":31},"end":{"line":365,"column":56}},"170":{"start":{"line":366,"column":16},"end":{"line":374,"column":17}},"171":{"start":{"line":367,"column":20},"end":{"line":367,"column":43}},"172":{"start":{"line":368,"column":20},"end":{"line":373,"column":23}},"173":{"start":{"line":377,"column":12},"end":{"line":387,"column":13}},"174":{"start":{"line":378,"column":16},"end":{"line":386,"column":17}},"175":{"start":{"line":379,"column":34},"end":{"line":379,"column":43}},"176":{"start":{"line":380,"column":20},"end":{"line":385,"column":21}},"177":{"start":{"line":381,"column":24},"end":{"line":381,"column":49}},"178":{"start":{"line":383,"column":25},"end":{"line":385,"column":21}},"179":{"start":{"line":384,"column":24},"end":{"line":384,"column":41}},"180":{"start":{"line":389,"column":8},"end":{"line":389,"column":31}},"181":{"start":{"line":390,"column":8},"end":{"line":394,"column":15}},"182":{"start":{"line":400,"column":8},"end":{"line":401,"column":29}},"183":{"start":{"line":401,"column":12},"end":{"line":401,"column":29}},"184":{"start":{"line":402,"column":8},"end":{"line":437,"column":9}},"185":{"start":{"line":404,"column":12},"end":{"line":429,"column":13}},"186":{"start":{"line":405,"column":31},"end":{"line":405,"column":65}},"187":{"start":{"line":406,"column":16},"end":{"line":427,"column":19}},"188":{"start":{"line":407,"column":20},"end":{"line":426,"column":21}},"189":{"start":{"line":408,"column":36},"end":{"line":408,"column":49}},"190":{"start":{"line":409,"column":38},"end":{"line":409,"column":48}},"191":{"start":{"line":411,"column":24},"end":{"line":425,"column":25}},"192":{"start":{"line":412,"column":28},"end":{"line":412,"column":71}},"193":{"start":{"line":414,"column":29},"end":{"line":425,"column":25}},"194":{"start":{"line":415,"column":28},"end":{"line":415,"column":72}},"195":{"start":{"line":417,"column":
[...]
:{"line":9,"column":6},"end":{"line":9,"column":7}},"loc":{"start":{"line":9,"column":28},"end":{"line":12,"column":1}},"line":9},"3":{"name":"(anonymous_3)","decl":{"start":{"line":13,"column":80},"end":{"line":13,"column":81}},"loc":{"start":{"line":13,"column":95},"end":{"line":15,"column":1}},"line":13},"4":{"name":"(anonymous_4)","decl":{"start":{"line":15,"column":5},"end":{"line":15,"column":6}},"loc":{"start":{"line":15,"column":20},"end":{"line":17,"column":1}},"line":15},"5":{"name":"(anonymous_5)","decl":{"start":{"line":18,"column":51},"end":{"line":18,"column":52}},"loc":{"start":{"line":18,"column":63},"end":{"line":34,"column":1}},"line":18},"6":{"name":"(anonymous_6)","decl":{"start":{"line":19,"column":18},"end":{"line":19,"column":19}},"loc":{"start":{"line":19,"column":30},"end":{"line":26,"column":5}},"line":19},"7":{"name":"(anonymous_7)","decl":{"start":{"line":20,"column":48},"end":{"line":20,"column":49}},"loc":{"start":{"line":20,"column":61},"end":{"line":24,"column":9}},"line":20},"8":{"name":"(anonymous_8)","decl":{"start":{"line":27,"column":11},"end":{"line":27,"column":12}},"loc":{"start":{"line":27,"column":26},"end":{"line":33,"column":5}},"line":27},"9":{"name":"(anonymous_9)","decl":{"start":{"line":48,"column":4},"end":{"line":48,"column":5}},"loc":{"start":{"line":48,"column":41},"end":{"line":51,"column":5}},"line":48},"10":{"name":"(anonymous_10)","decl":{"start":{"line":55,"column":4},"end":{"line":55,"column":5}},"loc":{"start":{"line":55,"column":12},"end":{"line":94,"column":5}},"line":55},"11":{"name":"(anonymous_11)","decl":{"start":{"line":72,"column":25},"end":{"line":72,"column":26}},"loc":{"start":{"line":72,"column":36},"end":{"line":91,"column":9}},"line":72},"12":{"name":"(anonymous_12)","decl":{"start":{"line":76,"column":32},"end":{"line":76,"column":33}},"loc":{"start":{"line":76,"column":41},"end":{"line":79,"column":13}},"line":76},"13":{"name":"(anonymous_13)","decl":{"start":{"line":81,"column":32},"end":{"line":81,"column":33}},"loc":{"start":{"line":81,"column":41},"end":{"line":84,"column":13}},"line":81},"14":{"name":"(anonymous_14)","decl":{"start":{"line":86,"column":32},"end":{"line":86,"column":33}},"loc":{"start":{"line":86,"column":41},"end":{"line":89,"column":13}},"line":86},"15":{"name":"(anonymous_15)","decl":{"start":{"line":98,"column":4},"end":{"line":98,"column":5}},"loc":{"start":{"line":98,"column":11},"end":{"line":106,"column":5}},"line":98},"16":{"name":"(anonymous_16)","decl":{"start":{"line":99,"column":30},"end":{"line":99,"column":31}},"loc":{"start":{"line":99,"column":41},"end":{"line":99,"column":58}},"line":99},"17":{"name":"(anonymous_17)","decl":{"start":{"line":110,"column":4},"end":{"line":110,"column":5}},"loc":{"start":{"line":110,"column":23},"end":{"line":118,"column":5}},"line":110},"18":{"name":"(anonymous_18)","decl":{"start":{"line":114,"column":40},"end":{"line":114,"column":41}},"loc":{"start":{"line":114,"column":46},"end":{"line":117,"column":9}},"line":114},"19":{"name":"(anonymous_19)","decl":{"start":{"line":122,"column":4},"end":{"line":122,"column":5}},"loc":{"start":{"line":122,"column":24},"end":{"line":131,"column":5}},"line":122},"20":{"name":"(anonymous_20)","decl":{"start":{"line":135,"column":4},"end":{"line":135,"column":5}},"loc":{"start":{"line":135,"column":15},"end":{"line":137,"column":5}},"line":135},"21":{"name":"(anonymous_21)","decl":{"start":{"line":141,"column":4},"end":{"line":141,"column":5}},"loc":{"start":{"line":141,"column":28},"end":{"line":143,"column":5}},"line":141}},"branchMap":{"0":{"loc":{"start":{"line":2,"column":22},"end":{"line":12,"column":3}},"type":"binary-expr","locations":[{"start":{"line":2,"column":23},"end":{"line":2,"column":27}},{"start":{"line":2,"column":31},"end":{"line":2,"column":51}},{"start":{"line":2,"column":57},"end":{"line":12,"column":2}}],"line":2},"1":{"loc":{"start":{"line":2,"column":57},"end":{"line":12,"column":2}},"type":"cond-expr","locations":[{"start":{"line":2,"column":74},"end":{"line":9,"column":1}},{"start":{"line":9,"column":6},"end":{"line":12,"column":1}}],"line":2},"2":{"loc":{"start":{"line":3,"column":4},"end":{"line":3,"column":33}},"type":"if","locations":[{"start":{"line":3,"column":4},"end":{"line":3,"column":33}},{"start":{},"end":{}}],"line":3},"3":{"loc":{"start":{"line":5,"column":4},"end":{"line":7,"column":5}},"type":"if","locations":[{"start":{"line":5,"column":4},"end":{"line":7,"column":5}},{"start":{},"end":{}}],"line":5},"4":{"loc":{"start":{"line":5,"column":8},"end":{"line":5,"column":85}},"type":"binary-expr","locations":[{"start":{"line":5,"column":8},"end":{"line":5,"column":13}},{"start":{"line":5,"column":18},"end":{"line":5,"column":84}}],"line":5},"5":{"loc":{"start":{"line":5,"column":18},"end":{"line":5,"column":84}},"type":"cond-expr","locations":[{"start":{"line":5,"column":34},"end":{"line":5,"column":47}},{"start":{"line":5,"column":50},"end":{"line":5,"column":84}}],"line":5},"6":{"loc":{"start":{"line":5,"column":50},"end":{"line":5,"column":84}},"type":"binary-expr","locations":[{"start":{"line":5,"column":50},"end":{"line":5,"column":63}},{"start":{"line":5,"column":67},"end":{"line":5,"column":84}}],"line":5},"7":{"loc":{"start":{"line":10,"column":4},"end":{"line":10,"column":33}},"type":"if","locations":[{"start":{"line":10,"column":4},"end":{"line":10,"column":33}},{"start":{},"end":{}}],"line":10},"8":{"loc":{"start":{"line":13,"column":25},"end":{"line":17,"column":2}},"type":"binary-expr","locations":[{"start":{"line":13,"column":26},"end":{"line":13,"column":30}},{"start":{"line":13,"column":34},"end":{"line":13,"column":57}},{"start":{"line":13,"column":63},"end":{"line":17,"column":1}}],"line":13},"9":{"loc":{"start":{"line":13,"column":63},"end":{"line":17,"column":1}},"type":"cond-expr","locations":[{"start":{"line":13,"column":80},"end":{"line":15,"column":1}},{"start":{"line":15,"column":5},"end":{"line":17,"column":1}}],"line":13},"10":{"loc":{"start":{"line":18,"column":19},"end":{"line":34,"column":4}},"type":"binary-expr","locations":[{"start":{"line":18,"column":20},"end":{"line":18,"column":24}},{"start":{"line":18,"column":28},"end":{"line":18,"column":45}},{"start":{"line":18,"column":50},"end":{"line":34,"column":4}}],"line":18},"11":{"loc":{"start":{"line":20,"column":18},"end":{"line":24,"column":9}},"type":"binary-expr","locations":[{"start":{"line":20,"column":18},"end":{"line":20,"column":44}},{"start":{"line":20,"column":48},"end":{"line":24,"column":9}}],"line":20},"12":{"loc":{"start":{"line":22,"column":29},"end":{"line":22,"column":95}},"type":"if","locations":[{"start":{"line":22,"column":29},"end":{"line":22,"column":95}},{"start":{},"end":{}}],"line":22},"13":{"loc":{"start":{"line":28,"column":8},"end":{"line":28,"column":46}},"type":"if","locations":[{"start":{"line":28,"column":8},"end":{"line":28,"column":46}},{"start":{},"end":{}}],"line":28},"14":{"loc":{"start":{"line":28,"column":12},"end":{"line":28,"column":33}},"type":"binary-expr","locations":[{"start":{"line":28,"column":12},"end":{"line":28,"column":15}},{"start":{"line":28,"column":19},"end":{"line":28,"column":33}}],"line":28},"15":{"loc":{"start":{"line":30,"column":8},"end":{"line":30,"column":137}},"type":"if","locations":[{"start":{"line":30,"column":8},"end":{"line":30,"column":137}},{"start":{},"end":{}}],"line":30},"16":{"loc":{"start":{"line":30,"column":78},"end":{"line":30,"column":137}},"type":"if","locations":[{"start":{"line":30,"column":78},"end":{"line":30,"column":137}},{"start":{},"end":{}}],"line":30},"17":{"loc":{"start":{"line":56,"column":8},"end":{"line":59,"column":9}},"type":"if","locations":[{"start":{"line":56,"column":8},"end":{"line":59,"column":9}},{"start":{},"end":{}}],"line":56},"18":{"loc":{"start":{"line":101,"column":8},"end":{"line":104,"column":9}},"type":"if","locations":[{"start":{"line":101,"column":8},"end":{"line":104,"column":9}},{"start":{},"end":{}}],"line":101},"19":{"loc":{"start":{"line":111,"column":8},"end":{"line":113,"column":9}},"type":"if","locations":[{"start":{"line":111,"column":8},"end":{"line":113,"column":9}},{"start":{},"end":{}}],"line":111},"20":{"loc":{"start":{"line":124,"column":8},"end":{"line":130,"column":9}},"type":"if","locations":[{"start":{"line":124,"column":8},"end":{"line":130,"column":9}},{"start":{"line":127,"column":13},"end":{"line":130,"column":9}}],"line":124},"21":{"loc":{"start":{"line":136,"column":15},"end":{"line":136,"column":57}},"type":"binary-expr","locations":[{"start":{"line":136,"column":15},"end":{"line":136,"column":29}},{"start":{"line":136,"column":33},"end":{"line":136,"column":57}}],"line":136}},"s":{"0":1,"1":3,"2":3,"3":3,"4":3,"5":3,"6":211,"7":3,"8":0,"9":0,"10":0,"11":1,"12":1,"13":0,"14":1,"15":1,"16":1,"17":0,"18":0,"19":0,"20":0,"21":0,"22":1,"23":1,"24":1,"25":0,"26":1,"27":1,"28":1,"29":1,"30":1,"31":3,"32":3,"33":1,"34":1,"35":1,"36":1,"37":1,"38":20,"39":20,"40":20,"41":20,"42":20,"43":17,"44":1,"45":1,"46":16,"47":16,"48":16,"49":16,"50":16,"51":96,"52":96,"53":96,"54":6,"55":6,"56":96,"57":1,"58":1,"59":96,"60":1,"61":1,"62":96,"63":16,"64":16,"65":7,"66":30,"67":7,"68":7,"69":1,"70":1,"71":7,"72":8,"73":1,"74":8,"75":6,"76":6,"77":4,"78":4,"79":1,"80":3,"81":3,"82":5,"83":2,"84":1},"f":{"0":3,"1":211,"2":0,"3":1,"4":0,"5":1,"6":1,"7":0,"8":1,"9":20,"10":17,"11":96,"12":6,"13":1,"14":1,"15":7,"16":30,"17":8,"18":6,"19":4,"20":5,"21":2},"b":{"0":[1,1,1],"1":[1,0],"2":[3,0],"3":[3,0],"4":[3,3],"5":[0,3],"6":[3,0],"7":[0,0],"8":[1,1,1],"9":[1,0],"10":[1,1,1],"11":[1,0],"12":[0,0],"13":[0,1],"14":[1,1],"15":[1,0],"16":[3,0],"17":[1,16],"18":[1,6],"19":[1,7],"20":[1,3],"21":[5,4]},"inputSourceMap":{"version":3,"file":"FileWatcherService.js","sourceRoot":"","sources":["../../src/services/FileWatcherService.ts"],"names":[],"mappings":";;;;;;;;;;;;;;;;;;;;;;;;;;;;;;;;;;;;AAAA,+CAAiC;AAQjC;;GAEG;AACH,MAAa,kBAAkB;IACnB,QAAQ,GAA+B,EAAE,CAAC;IAC1C,aAAa,CAA6B;IAC1C,aAAa,GAAW,IAAI,CAAC,CAAC,YAAY;IAC1C,SAAS,GAAY,IAAI,CAAC;IAC1B,QAAQ,CAAqB;IAC7B,aAAa,CAAS;IAE9B,YAAY,aAAqB,EAAE,QAA4B;QAC3D,IAAI,CAAC,aAAa,GAAG,aAAa,CAAC;QACnC,IAAI,CAAC,QAAQ,GAAG,QAAQ,CAAC;IAC7B,CAAC;IAED;;OAEG;IACH,KAAK;QACD,IAAI,CAAC,IAAI,CAAC,SAAS,EAAE,CAAC;YAClB,OAAO,CAAC,GAAG,CAAC,0BAA0B,CAAC,CAAC;YACxC,OAAO;QACX,CAAC;QAED,OAAO,CAAC,GAAG,CAAC,+BAA+B,CAAC,CAAC;QAC7C,OAAO,CAAC,GAAG,CAAC,oBAAoB,EAAE,IAAI,CAAC,aAAa,CAAC,CAAC;QAEtD,iCAAiC;QACjC,MAAM,QAAQ,GAAG;YACb,gBAAgB;YAChB,gBAAgB;YAChB,oBAAoB;YACpB,oBAAoB;YACpB,uCAAuC;YACvC,uCAAuC;SAC1C,CAAC;QAEF,OAAO,CAAC,GAAG,CAAC,oBAAoB,EAAE,QAAQ,CAAC,CAAC;QAE5C,QAAQ,CAAC,OAAO,CAAC,OAAO,CAAC,EAAE;YACvB,MAAM,OAAO,GAAG,MAAM,CAAC,SAAS,CAAC,uBAAuB,CACpD,IAAI,MAAM,CAAC,eAAe,CAAC,IAAI,CAAC,aAAa,EAAE,OAAO,CAAC,CAC1D,CAAC;YAEF,OAAO,CAAC,GAAG,CAAC,0BAA0B,OAAO,EAAE,CAAC,CAAC;YAEjD,iBAAiB;YACjB,OAAO,CAAC,WAAW,CAAC,CAAC,GAAG,EAAE,EAAE;gBACxB,OAAO,CAAC,GAAG,CAAC,oBAAoB,GAAG,CAAC,MAAM,EAAE,CAAC,CAAC;gBAC9C,IAAI,CAAC,QAAQ,CAAC,GAAG,CAAC,MAAM,CAAC,CAAC;YAC9B,CAAC,CAAC,CAAC;YAEH,iBAAiB;YACjB,OAAO,CAAC,WAAW,CAAC,CAAC,GAAG,EAAE,EAAE;gBACxB,OAAO,CAAC,GAAG,CAAC,uBAAuB,GAAG,CAAC,MAAM,EAAE,CAAC,CAAC;gBACjD,IAAI,CAAC,QAAQ,CAAC,GAAG,CAAC,MAAM,CAAC,CAAC;YAC9B,CAAC,CAAC,CAAC;YAEH,iBAAiB;YACjB,OAAO,CAAC,WAAW,CAAC,CAAC,GAAG,EAAE,EAAE;gBACxB,OAAO,CAAC,GAAG,CAAC,qBAAqB,GAAG,CAAC,MAAM,EAAE,CAAC,CAAC;gBAC/C,IAAI,CAAC,QAAQ,CAAC,GAAG,CAAC,MAAM,CAAC,CAAC;YAC9B,CAAC,CAAC,CAAC;YAEH,IAAI,CAAC,QAAQ,CAAC,IAAI,CAAC,OAAO,CAAC,CAAC;QAChC,CAAC,CAAC,CAAC;QAEH,OAAO,CAAC,GAAG,CAAC,cAAc,IAAI,CAAC,QAAQ,CAAC,MAAM,WAAW,CAAC,CAAC;QAC3D,MAAM,CAAC,MAAM,CAAC,sBAAsB,CAAC,mEAAmE,CAAC,CAAC;IAC9G,CAAC;IAED;;OAEG;IACH,IAAI;QACA,IAAI,CAAC,QAAQ,CAAC,OAAO,CAAC,OAAO,CAAC,EAAE,CAAC,OAAO,CAAC,OAAO,EAAE,CAAC,CAAC;QACpD,IAAI,CAAC,QAAQ,GAAG,EAAE,CAAC;QAEnB,IAAI,IAAI,CAAC,aAAa,EAAE,CAAC;YACrB,YAAY,CAAC,IAAI,CAAC,aAAa,CAAC,CAAC;YACjC,IAAI,CAAC,aAAa,GAAG,SAAS,CAAC;QACnC,CAAC;QAED,OAAO,CAAC,GAAG,CAAC,0BAA0B,CAAC,CAAC;IAC5C,CAAC;IAED;;OAEG;IACK,QAAQ,CAAC,QAAgB;QAC7B,IAAI,IAAI,CAAC,aAAa,EAAE,CAAC;YACrB,YAAY,CAAC,IAAI,CAAC,aAAa,CAAC,CAAC;QACrC,CAAC;QAED,IAAI,CAAC,aAAa,GAAG,UAAU,CAAC,GAAG,EAAE;YACjC,OAAO,CAAC,GAAG,CAAC,6CAA6C,QAAQ,EAAE,CAAC,CAAC;YACrE,IAAI,CAAC,QAAQ,CAAC,QAAQ,CAAC,CAAC;QAC5B,CAAC,EAAE,IAAI,CAAC,aAAa,CAAC,CAAC;IAC3B,CAAC;IAED;;OAEG;IACH,UAAU,CAAC,OAAgB;QACvB,IAAI,CAAC,SAAS,GAAG,OAAO,CAAC;QAEzB,IAAI,OAAO,EAAE,CAAC;YACV,IAAI,CAAC,KAAK,EAAE,CAAC;QACjB,CAAC;aAAM,CAAC;YACJ,IAAI,CAAC,IAAI,EAAE,CAAC;YACZ,MAAM,CAAC,MAAM,CAAC,sBAAsB,CAAC,wBAAwB,CAAC,CAAC;QACnE,CAAC;IACL,CAAC;IAED;;OAEG;IACH,QAAQ;QACJ,OAAO,IAAI,CAAC,SAAS,IAAI,IAAI,CAAC,QAAQ,CAAC,MAAM,GAAG,CAAC,CAAC;IACtD,CAAC;IAED;;OAEG;IACH,gBAAgB,CAAC,KAAa;QAC1B,IAAI,CAAC,aAAa,GAAG,KAAK,CAAC;IAC/B,CAAC;CACJ;AA7HD,gDA6HC"},"_coverageSchema":"1a1c01bbd47fc00a2c39e90264f33305004495a9","hash":"7e62b734e28850ae893d484d783e296147bef78b","contentHash":"16e24fed65efb4333d8f48fc0d378b8f80f1ca74c6e01836f6e38d8b4fdb4f63"},"/Users/alfianwinarso/Documents/rest-api-doc-generator/rest-api-doc-generator/out/types/RouteInfo.js":{"path":"/Users/alfianwinarso/Documents/rest-api-doc-generator/rest-api-doc-generator/out/types/RouteInfo.js","statementMap":{"0":{"start":{"line":2,"column":0},"end":{"line":2,"column":62}},"1":{"start":{"line":3,"column":0},"end":{"line":3,"column":28}},"2":{"start":{"line":8,"column":0},"end":{"line":16,"column":57}},"3":{"start":{"line":9,"column":4},"end":{"line":9,"column":30}},"4":{"start":{"line":10,"column":4},"end":{"line":10,"column":32}},"5":{"start":{"line":11,"column":4},"end":{"line":11,"column":30}},"6":{"start":{"line":12,"column":4},"end":{"line":12,"column":36}},"7":{"start":{"line":13,"column":4},"end":{"line":13,"column":34}},"8":{"start":{"line":14,"column":4},"end":{"line":14,"column":38}},"9":{"start":{"line":15,"column":4},"end":{"line":15,"column":32}}},"fnMap":{"0":{"name":"(anonymous_0)","decl":{"start":{"line":8,"column":1},"end":{"line":8,"column":2}},"loc":{"start":{"line":8,"column":23},"end":{"line":16,"column":1}},"line":8}},"branchMap":{"0":{"loc":{"start":{"line":16,"column":3},"end":{"line":16,"column":55}},"type":"binary-expr","locations":[{"start":{"line":16,"column":3},"end":{"line":16,"column":13}},{"start":{"line":16,"column":18},"end":{"line":16,"column":54}}],"line":16}},"s":{"0":1,"1":1,"2":1,"3":1,"4":1,"5":1,"6":1,"7":1,"8":1,"9":1},"f":{"0":1},"b":{"0":[1,1]},"inputSourceMap":{"version":3,"file":"RouteInfo.js","sourceRoot":"","sources":["../../src/types/RouteInfo.ts"],"names":[],"mappings":";;;AAAA;;GAEG;AACH,IAAY,UAQX;AARD,WAAY,UAAU;IAClB,yBAAW,CAAA;IACX,2BAAa,CAAA;IACb,yBAAW,CAAA;IACX,+BAAiB,CAAA;IACjB,6BAAe,CAAA;IACf,iCAAmB,CAAA;IACnB,2BAAa,CAAA;AACjB,CAAC,EARW,UAAU,0BAAV,UAAU,QAQrB"},"_coverageSchema":"1a1c01bbd47fc00a2c39e90264f33305004495a9","hash":"0e5a12c5b01d91d8c478fca84b947ead2c6d964c","contentHash":"97acbe4ce4a6d7f6ce8dad18736691f1c1b5b82913f37593920c63837afb5d4a"},"/Users/alfianwinarso/Documents/rest-api-doc-generator/rest-api-doc-generator/out/services/SecureStorageService.js":{"path":"/Users/alfianwinarso/Documents/rest-api-doc-generator/rest-api-doc-generator/out/services/SecureStorageService.js","statementMap":{"0":{"start":{"line":2,"column":0},"end":{"line":2,"column":62}},"1":{"start":{"line":3,"column":0},"end":{"line":3,"column":38}},"2":{"start":{"line":9,"column":32},"end":{"line":9,"column":52}},"3":{"start":{"line":12,"column":8},"end":{"line":12,"column":39}},"4":{"start":{"line":18,"column":8},"end":{"line":25,"column":9}},"5":{"start":{"line":19,"column":12},"end":{"line":19,"column":86}},"6":{"start":{"line":20,"column":12},"end":{"line":20,"column":57}},"7":{"start":{"line":23,"column":12},"end":{"line":23,"column":63}},"8":{"start":{"line":24,"column":12},"end":{"line":24,"column":55}},"9":{"start":{"line":31,"column":8},"end":{"line":41,"column":9}},"10":{"start":{"line":32,"column":27},"end":{"line":32,"column":90}},"11":{"start":{"line":33,"column":12},"end":{"line":35,"column":13}},"12":{"start":{"line":34,"column":16},"end":{"line":34,"column":64}},"13":{"start":{"line":36,"column":12},"end":{"line":36,"column":26}},"14":{"start":{"line":39,"column":12},"end":{"line":39,"column":66}},"15":{"start":{"line":40,"column":12},"end":{"line":40,"column":58}},"16":{"start":{"line":47,"column":8},"end":{"line":54,"column":9}},"17":{"start":{"line":48,"column":12},"end":{"line":48,"column":79}},"18":{"start":{"line":49,"column":12},"end":{"line":49,"column":58}},"19":{"start":{"line":52,"column":12},"end":{"line":52,"column":64}},"20":{"start":{"line":53,"column":12},"end":{"line":53,"column":56}},"21":{"start":{"line":60,"column":23},"end":{"line":60,"column":45}},"22":{"start":{"line":61,"column":8},"end":{"line":61,"column":57}},"23":{"start":{"line":64,"column":0},"end":{"line":64,"column":52}}},"fnMap":{"0":{"name":"(anonymous_0)","decl":{"start":{"line":11,"column":4},"end":{"line":11,"column":5}},"loc":{"start":{"line":11,"column":25},"end":{"line":13,"column":5}},"line":11},"1":{"name":"(anonymous_1)","decl":{"start":{"line":17,"column":4},"end":{"line":17,"column":5}},"loc":{"start":{"line":17,"column":30},"end":{"line":26,"column":5}},"line":17},"2":{"name":"(anonymous_2)","decl":{"start":{"line":30,"column":4},"end":{"line":30,"column":5}},"loc":{"start":{"line":30,"column":22},"end":{"line":42,"column":5}},"line":30},"3":{"name":"(anonymous_3)","decl":{"start":{"line":46,"column":4},"end":{"line":46,"column":5}},"loc":{"start":{"line":46,"column":25},"end":{"line":55,"column":5}},"line":46},"4":{"name":"(anonymous_4)","decl":{"start":{"line":59,"column":4},"end":{"line":59,"column":5}},"loc":{"start":{"line":59,"column":22},"end":{"line":62,"column":5}},"line":59}},"branchMap":{"0":{"loc":{"start":{"line":33,"column":12},"end":{"line":35,"column":13}},"type":"if","locations":[{"start":{"line":33,"column":12},"end":{"line":35,"column":13}},{"start":{},"end":{}}],"line":33},"1":{"loc":{"start":{"line":61,"column":15},"end":{"line":61,"column":56}},"type":"binary-expr","locations":[{"start":{"line":61,"column":15},"end":{"line":61,"column":35}},{"start":{"line":61,"column":39},"end":{"line":61,"column":56}}],"line":61}},"s":{"0":1,"1":1,"2":1,"3":10,"4":2,"5":2,"6":1,"7":1,"8":1,"9":6,"10":6,"11":5,"12":3,"13":5,"14":1,"15":1,"16":2,"17":2,"18":1,"19":1,"20":1,"21":3,"22":3,"23":1},"f":{"0":10,"1":2,"2":6,"3":2,"4":3},"b":{"0":[3,2],"1":[3,2]},"inputSourceMap":{"version":3,"file":"SecureStorageService.js","sourceRoot":"","sources":["../../src/services/SecureStorageService.ts"],"names":[],"mappings":";;;AAEA;;;GAGG;AACH,MAAa,oBAAoB;IACrB,MAAM,CAAU,kBAAkB,GAAG,oBAAoB,CAAC;IAC1D,OAAO,CAAuB;IAEtC,YAAY,OAAgC;QACxC,IAAI,CAAC,OAAO,GAAG,OAAO,CAAC,OAAO,CAAC;IACnC,CAAC;IAED;;OAEG;IACH,KAAK,CAAC,WAAW,CAAC,MAAc;QAC5B,IAAI,CAAC;YACD,MAAM,IAAI,CAAC,OAAO,CAAC,KAAK,CAAC,oBAAoB,CAAC,kBAAkB,EAAE,MAAM,CAAC,CAAC;YAC1E,OAAO,CAAC,GAAG,CAAC,+BAA+B,CAAC,CAAC;QACjD,CAAC;QAAC,OAAO,KAAK,EAAE,CAAC;YACb,OAAO,CAAC,KAAK,CAAC,4BAA4B,EAAE,KAAK,CAAC,CAAC;YACnD,MAAM,IAAI,KAAK,CAAC,yBAAyB,CAAC,CAAC;QAC/C,CAAC;IACL,CAAC;IAED;;OAEG;IACH,KAAK,CAAC,SAAS;QACX,IAAI,CAAC;YACD,MAAM,MAAM,GAAG,MAAM,IAAI,CAAC,OAAO,CAAC,GAAG,CAAC,oBAAoB,CAAC,kBAAkB,CAAC,CAAC;YAC/E,IAAI,CAAC,MAAM,EAAE,CAAC;gBACV,OAAO,CAAC,IAAI,CAAC,iCAAiC,CAAC,CAAC;YACpD,CAAC;YACD,OAAO,MAAM,CAAC;QAClB,CAAC;QAAC,OAAO,KAAK,EAAE,CAAC;YACb,OAAO,CAAC,KAAK,CAAC,+BAA+B,EAAE,KAAK,CAAC,CAAC;YACtD,MAAM,IAAI,KAAK,CAAC,4BAA4B,CAAC,CAAC;QAClD,CAAC;IACL,CAAC;IAED;;OAEG;IACH,KAAK,CAAC,YAAY;QACd,IAAI,CAAC;YACD,MAAM,IAAI,CAAC,OAAO,CAAC,MAAM,CAAC,oBAAoB,CAAC,kBAAkB,CAAC,CAAC;YACnE,OAAO,CAAC,GAAG,CAAC,gCAAgC,CAAC,CAAC;QAClD,CAAC;QAAC,OAAO,KAAK,EAAE,CAAC;YACb,OAAO,CAAC,KAAK,CAAC,6BAA6B,EAAE,KAAK,CAAC,CAAC;YACpD,MAAM,IAAI,KAAK,CAAC,0BAA0B,CAAC,CAAC;QAChD,CAAC;IACL,CAAC;IAED;;OAEG;IACH,KAAK,CAAC,SAAS;QACX,MAAM,MAAM,GAAG,MAAM,IAAI,CAAC,SAAS,EAAE,CAAC;QACtC,OAAO,MAAM,KAAK,SAAS,IAAI,MAAM,CAAC,MAAM,GAAG,CAAC,CAAC;IACrD,CAAC;;AAxDL,oDAyDC"},"_coverageSchema":"1a1c01bbd47fc00a2c39e90264f33305004495a9","hash":"9e279dce5e78a5cb2794130bb096b70c633300bd","contentHash":"667061185addcb0b8454b554c094398ff1108164adcfeb7e64203266f9f1c25c"}}